Log file open, 11/11/20 14:49:15
LogInit: Display: Running engine for game: ToonTanks
LogPlatformFile: Not using cached read wrapper
LogTaskGraph: Started task graph with 5 named threads and 23 total threads with 3 sets of task threads.
LogStats: Stats thread started at 2.495061
LogD3D11RHI: Loaded GFSDK_Aftermath_Lib.x64.dll
LogICUInternationalization: ICU TimeZone Detection - Raw Offset: -7:00, Platform Override: ''
LogPluginManager: Mounting plugin Paper2D
LogPluginManager: Mounting plugin AISupport
LogPluginManager: Mounting plugin LightPropagationVolume
LogPluginManager: Mounting plugin CameraShakePreviewer
LogPluginManager: Mounting plugin ActorLayerUtilities
LogPluginManager: Mounting plugin AnimationSharing
LogPluginManager: Mounting plugin CLionSourceCodeAccess
LogPluginManager: Mounting plugin CodeLiteSourceCodeAccess
LogPluginManager: Mounting plugin GitSourceControl
LogPluginManager: Mounting plugin KDevelopSourceCodeAccess
LogPluginManager: Mounting plugin NullSourceCodeAccess
LogPluginManager: Mounting plugin PerforceSourceControl
LogPluginManager: Mounting plugin PlasticSourceControl
LogPluginManager: Mounting plugin RiderSourceCodeAccess
LogPluginManager: Mounting plugin SubversionSourceControl
LogPluginManager: Mounting plugin UObjectPlugin
LogPluginManager: Mounting plugin VisualStudioCodeSourceCodeAccess
LogPluginManager: Mounting plugin VisualStudioSourceCodeAccess
LogPluginManager: Mounting plugin XCodeSourceCodeAccess
LogPluginManager: Mounting plugin AssetManagerEditor
LogPluginManager: Mounting plugin CryptoKeys
LogPluginManager: Mounting plugin CurveEditorTools
LogPluginManager: Mounting plugin DataValidation
LogPluginManager: Mounting plugin EditorScriptingUtilities
LogPluginManager: Mounting plugin FacialAnimation
LogPluginManager: Mounting plugin GameplayTagsEditor
LogPluginManager: Mounting plugin GeometryMode
LogPluginManager: Mounting plugin MacGraphicsSwitching
LogPluginManager: Mounting plugin MaterialAnalyzer
LogPluginManager: Mounting plugin MobileLauncherProfileWizard
LogPluginManager: Mounting plugin PluginBrowser
LogPluginManager: Mounting plugin SpeedTreeImporter
LogPluginManager: Mounting plugin DatasmithContent
LogPluginManager: Mounting plugin VariantManagerContent
LogPluginManager: Mounting plugin AlembicImporter
LogPluginManager: Mounting plugin AutomationUtils
LogPluginManager: Mounting plugin BackChannel
LogPluginManager: Mounting plugin ChaosCloth
LogPluginManager: Mounting plugin ChaosClothEditor
LogPluginManager: Mounting plugin ChaosEditor
LogPluginManager: Mounting plugin ChaosNiagara
LogPluginManager: Mounting plugin ChaosSolverPlugin
LogPluginManager: Mounting plugin CharacterAI
LogPluginManager: Mounting plugin GeometryCache
LogPluginManager: Mounting plugin GeometryCollectionPlugin
LogPluginManager: Mounting plugin GeometryProcessing
LogPluginManager: Mounting plugin PlanarCut
LogPluginManager: Mounting plugin PlatformCrypto
LogPluginManager: Mounting plugin ProxyLODPlugin
LogPluginManager: Mounting plugin SkeletalReduction
LogPluginManager: Mounting plugin Niagara
LogPluginManager: Mounting plugin MagicLeap
LogPluginManager: Mounting plugin MagicLeapLightEstimation
LogPluginManager: Mounting plugin MagicLeapMedia
LogPluginManager: Mounting plugin MagicLeapPassableWorld
LogPluginManager: Mounting plugin MLSDK
LogPluginManager: Mounting plugin AndroidMedia
LogPluginManager: Mounting plugin AvfMedia
LogPluginManager: Mounting plugin ImgMedia
LogPluginManager: Mounting plugin MediaCompositing
LogPluginManager: Mounting plugin MediaPlayerEditor
LogPluginManager: Mounting plugin WebMMedia
LogPluginManager: Mounting plugin WmfMedia
LogPluginManager: Mounting plugin MeshPainting
LogPluginManager: Mounting plugin TcpMessaging
LogPluginManager: Mounting plugin UdpMessaging
LogPluginManager: Mounting plugin ActorSequence
LogPluginManager: Mounting plugin LevelSequenceEditor
LogPluginManager: Mounting plugin MatineeToLevelSequence
LogPluginManager: Mounting plugin MovieRenderPipeline
LogPluginManager: Mounting plugin TemplateSequence
LogPluginManager: Mounting plugin NetcodeUnitTest
LogPluginManager: Mounting plugin NUTUnrealEngine4
LogPluginManager: Mounting plugin OnlineSubsystemGooglePlay
LogPluginManager: Mounting plugin OnlineSubsystemIOS
LogPluginManager: Mounting plugin OnlineSubsystem
LogPluginManager: Mounting plugin OnlineSubsystemNull
LogPluginManager: Mounting plugin OnlineSubsystemUtils
LogPluginManager: Mounting plugin LauncherChunkInstaller
LogPluginManager: Mounting plugin AndroidDeviceProfileSelector
LogPluginManager: Mounting plugin AndroidMoviePlayer
LogPluginManager: Mounting plugin AndroidPermission
LogPluginManager: Mounting plugin AppleImageUtils
LogPluginManager: Mounting plugin AppleMoviePlayer
LogPluginManager: Mounting plugin ArchVisCharacter
LogPluginManager: Mounting plugin AssetTags
LogPluginManager: Mounting plugin AudioCapture
LogPluginManager: Mounting plugin CableComponent
LogPluginManager: Mounting plugin CustomMeshComponent
LogPluginManager: Mounting plugin EditableMesh
LogPluginManager: Mounting plugin ExampleDeviceProfileSelector
LogPluginManager: Mounting plugin GoogleCloudMessaging
LogPluginManager: Mounting plugin GooglePAD
LogPluginManager: Mounting plugin IOSDeviceProfileSelector
LogPluginManager: Mounting plugin LinuxDeviceProfileSelector
LogPluginManager: Mounting plugin LocationServicesBPLibrary
LogPluginManager: Mounting plugin MobilePatchingUtils
LogPluginManager: Mounting plugin OculusVR
LogPluginManager: Mounting plugin PhysXVehicles
LogPluginManager: Mounting plugin PostSplashScreen
LogPluginManager: Mounting plugin ProceduralMeshComponent
LogPluginManager: Mounting plugin RuntimePhysXCooking
LogPluginManager: Mounting plugin SignificanceManager
LogPluginManager: Mounting plugin SoundFields
LogPluginManager: Mounting plugin SteamVR
LogPluginManager: Mounting plugin Synthesis
LogPluginManager: Mounting plugin WebMMoviePlayer
LogPluginManager: Mounting plugin WindowsMoviePlayer
LogPluginManager: Mounting plugin ScreenshotTools
LogInit: Using libcurl 7.55.1-DEV
LogInit:  - built for x86_64-pc-win32
LogInit:  - supports SSL with OpenSSL/1.1.1
LogInit:  - supports HTTP deflate (compression) using libz 1.2.8
LogInit:  - other features:
LogInit:      CURL_VERSION_SSL
LogInit:      CURL_VERSION_LIBZ
LogInit:      CURL_VERSION_IPV6
LogInit:      CURL_VERSION_ASYNCHDNS
LogInit:      CURL_VERSION_LARGEFILE
LogInit:      CURL_VERSION_IDN
LogInit:  CurlRequestOptions (configurable via config and command line):
LogInit:  - bVerifyPeer = true  - Libcurl will verify peer certificate
LogInit:  - bUseHttpProxy = false  - Libcurl will NOT use HTTP proxy
LogInit:  - bDontReuseConnections = false  - Libcurl will reuse connections
LogInit:  - MaxHostConnections = 16  - Libcurl will limit the number of connections to a host
LogInit:  - LocalHostAddr = Default
LogInit:  - BufferSize = 65536
LogOnline: OSS: Creating online subsystem instance for: NULL
LogInit: WinSock: version 1.1 (2.2), MaxSocks=32767, MaxUdp=65467
LogOnline: OSS: TryLoadSubsystemAndSetDefault: Loaded subsystem for module [NULL]
LogInit: Build: ++UE4+Release-4.25-CL-14469661
LogInit: Engine Version: 4.25.4-14469661+++UE4+Release-4.25
LogInit: Compatible Engine Version: 4.25.0-13144385+++UE4+Release-4.25
LogInit: Net CL: 13144385
LogInit: OS: Windows 10 (Release 1903) (), CPU: Intel(R) Xeon(R) CPU E5-1620 v4 @ 3.50GHz, GPU: NVIDIA Quadro P5000
LogInit: Compiled (64-bit): Oct 11 2020 08:10:49
LogInit: Compiled with Visual C++: 19.24.28315.00
LogInit: Build Configuration: Development
LogInit: Branch Name: ++UE4+Release-4.25
LogInit: Command Line: 
LogInit: Base Directory: D:/Unreal 4.25/UE_4.25/Engine/Binaries/Win64/
LogInit: Allocator: TBB
LogInit: Installed Engine Build: 1
LogDevObjectVersion: Number of dev versions registered: 26
LogDevObjectVersion:   Dev-Blueprints (B0D832E4-1F89-4F0D-ACCF-7EB736FD4AA2): 10
LogDevObjectVersion:   Dev-Build (E1C64328-A22C-4D53-A36C-8E866417BD8C): 0
LogDevObjectVersion:   Dev-Core (375EC13C-06E4-48FB-B500-84F0262A717E): 4
LogDevObjectVersion:   Dev-Editor (E4B068ED-F494-42E9-A231-DA0B2E46BB41): 38
LogDevObjectVersion:   Dev-Framework (CFFC743F-43B0-4480-9391-14DF171D2073): 37
LogDevObjectVersion:   Dev-Mobile (B02B49B5-BB20-44E9-A304-32B752E40360): 2
LogDevObjectVersion:   Dev-Networking (A4E4105C-59A1-49B5-A7C5-40C4547EDFEE): 0
LogDevObjectVersion:   Dev-Online (39C831C9-5AE6-47DC-9A44-9C173E1C8E7C): 0
LogDevObjectVersion:   Dev-Physics (78F01B33-EBEA-4F98-B9B4-84EACCB95AA2): 4
LogDevObjectVersion:   Dev-Platform (6631380F-2D4D-43E0-8009-CF276956A95A): 0
LogDevObjectVersion:   Dev-Rendering (12F88B9F-8875-4AFC-A67C-D90C383ABD29): 43
LogDevObjectVersion:   Dev-Sequencer (7B5AE74C-D270-4C10-A958-57980B212A5A): 12
LogDevObjectVersion:   Dev-VR (D7296918-1DD6-4BDD-9DE2-64A83CC13884): 3
LogDevObjectVersion:   Dev-LoadTimes (C2A15278-BFE7-4AFE-6C17-90FF531DF755): 1
LogDevObjectVersion:   Private-Geometry (6EACA3D4-40EC-4CC1-B786-8BED09428FC5): 3
LogDevObjectVersion:   Dev-AnimPhys (29E575DD-E0A3-4627-9D10-D276232CDCEA): 17
LogDevObjectVersion:   Dev-Anim (AF43A65D-7FD3-4947-9873-3E8ED9C1BB05): 7
LogDevObjectVersion:   Dev-ReflectionCapture (6B266CEC-1EC7-4B8F-A30B-E4D90942FC07): 1
LogDevObjectVersion:   Dev-Automation (0DF73D61-A23F-47EA-B727-89E90C41499A): 1
LogDevObjectVersion:   FortniteMain (601D1886-AC64-4F84-AA16-D3DE0DEAC7D6): 31
LogDevObjectVersion:   Dev-Enterprise (9DFFBCD6-494F-0158-E221-12823C92A888): 10
LogDevObjectVersion:   Dev-Niagara (F2AED0AC-9AFE-416F-8664-AA7FFA26D6FC): 1
LogDevObjectVersion:   Dev-Destruction (174F1F0B-B4C6-45A5-B13F-2EE8D0FB917D): 10
LogDevObjectVersion:   Dev-Physics-Ext (35F94A83-E258-406C-A318-09F59610247C): 37
LogDevObjectVersion:   Dev-PhysicsMaterial-Chaos (B68FC16E-8B1B-42E2-B453-215C058844FE): 1
LogDevObjectVersion:   Dev-CineCamera (B2E18506-4273-CFC2-A54E-F4BB758BBA07): 1
LogInit: Presizing for max 25165824 objects, including 0 objects not considered by GC, pre-allocating 0 bytes for permanent pool.
LogConfig: Applying CVar settings from Section [/Script/Engine.StreamingSettings] File [C:/Users/JONSHERW/Documents/ToonTank/ToonTanks/Saved/Config/Windows/Engine.ini]
LogConfig: Setting CVar [[s.MinBulkDataSizeForAsyncLoading:131072]]
LogConfig: Setting CVar [[s.AsyncLoadingThreadEnabled:0]]
LogConfig: Setting CVar [[s.EventDrivenLoaderEnabled:1]]
LogConfig: Setting CVar [[s.WarnIfTimeLimitExceeded:0]]
LogConfig: Setting CVar [[s.TimeLimitExceededMultiplier:1.5]]
LogConfig: Setting CVar [[s.TimeLimitExceededMinTime:0.005]]
LogConfig: Setting CVar [[s.UseBackgroundLevelStreaming:1]]
LogConfig: Setting CVar [[s.PriorityAsyncLoadingExtraTime:15.0]]
LogConfig: Setting CVar [[s.LevelStreamingActorsUpdateTimeLimit:5.0]]
LogConfig: Setting CVar [[s.PriorityLevelStreamingActorsUpdateExtraTime:5.0]]
LogConfig: Setting CVar [[s.LevelStreamingComponentsRegistrationGranularity:10]]
LogConfig: Setting CVar [[s.UnregisterComponentsTimeLimit:1.0]]
LogConfig: Setting CVar [[s.LevelStreamingComponentsUnregistrationGranularity:5]]
LogConfig: Setting CVar [[s.FlushStreamingOnExit:1]]
LogInit: Object subsystem initialized
LogConfig: Setting CVar [[con.DebugEarlyDefault:1]]
LogConfig: Setting CVar [[r.setres:1280x720]]
[2020.11.11-21.49.15:869][  0]LogConfig: Setting CVar [[r.VSync:0]]
[2020.11.11-21.49.15:869][  0]LogConfig: Setting CVar [[r.RHICmdBypass:0]]
[2020.11.11-21.49.15:869][  0]LogConfig: Applying CVar settings from Section [/Script/Engine.RendererSettings] File [C:/Users/JONSHERW/Documents/ToonTank/ToonTanks/Saved/Config/Windows/Engine.ini]
[2020.11.11-21.49.15:869][  0]LogConfig: Setting CVar [[r.GPUCrashDebugging:0]]
[2020.11.11-21.49.15:869][  0]LogConfig: Setting CVar [[r.DefaultFeature.AutoExposure.ExtendDefaultLuminanceRange:1]]
[2020.11.11-21.49.15:869][  0]LogConfig: Setting CVar [[r.DefaultFeature.AutoExposure:0]]
[2020.11.11-21.49.15:869][  0]LogConfig: Applying CVar settings from Section [/Script/Engine.RendererOverrideSettings] File [C:/Users/JONSHERW/Documents/ToonTank/ToonTanks/Saved/Config/Windows/Engine.ini]
[2020.11.11-21.49.15:869][  0]LogConfig: Applying CVar settings from Section [/Script/Engine.StreamingSettings] File [C:/Users/JONSHERW/Documents/ToonTank/ToonTanks/Saved/Config/Windows/Engine.ini]
[2020.11.11-21.49.15:869][  0]LogConfig: Setting CVar [[s.MinBulkDataSizeForAsyncLoading:131072]]
[2020.11.11-21.49.15:869][  0]LogConfig: Setting CVar [[s.AsyncLoadingThreadEnabled:0]]
[2020.11.11-21.49.15:869][  0]LogConfig: Setting CVar [[s.EventDrivenLoaderEnabled:1]]
[2020.11.11-21.49.15:869][  0]LogConfig: Setting CVar [[s.WarnIfTimeLimitExceeded:0]]
[2020.11.11-21.49.15:869][  0]LogConfig: Setting CVar [[s.TimeLimitExceededMultiplier:1.5]]
[2020.11.11-21.49.15:869][  0]LogConfig: Setting CVar [[s.TimeLimitExceededMinTime:0.005]]
[2020.11.11-21.49.15:869][  0]LogConfig: Setting CVar [[s.UseBackgroundLevelStreaming:1]]
[2020.11.11-21.49.15:869][  0]LogConfig: Setting CVar [[s.PriorityAsyncLoadingExtraTime:15.0]]
[2020.11.11-21.49.15:869][  0]LogConfig: Setting CVar [[s.LevelStreamingActorsUpdateTimeLimit:5.0]]
[2020.11.11-21.49.15:869][  0]LogConfig: Setting CVar [[s.PriorityLevelStreamingActorsUpdateExtraTime:5.0]]
[2020.11.11-21.49.15:869][  0]LogConfig: Setting CVar [[s.LevelStreamingComponentsRegistrationGranularity:10]]
[2020.11.11-21.49.15:869][  0]LogConfig: Setting CVar [[s.UnregisterComponentsTimeLimit:1.0]]
[2020.11.11-21.49.15:869][  0]LogConfig: Setting CVar [[s.LevelStreamingComponentsUnregistrationGranularity:5]]
[2020.11.11-21.49.15:869][  0]LogConfig: Setting CVar [[s.FlushStreamingOnExit:1]]
[2020.11.11-21.49.15:869][  0]LogConfig: Applying CVar settings from Section [/Script/Engine.GarbageCollectionSettings] File [C:/Users/JONSHERW/Documents/ToonTank/ToonTanks/Saved/Config/Windows/Engine.ini]
[2020.11.11-21.49.15:869][  0]LogConfig: Setting CVar [[gc.MaxObjectsNotConsideredByGC:1]]
[2020.11.11-21.49.15:869][  0]LogConfig: Setting CVar [[gc.SizeOfPermanentObjectPool:0]]
[2020.11.11-21.49.15:870][  0]LogConfig: Setting CVar [[gc.FlushStreamingOnGC:0]]
[2020.11.11-21.49.15:870][  0]LogConfig: Setting CVar [[gc.NumRetriesBeforeForcingGC:10]]
[2020.11.11-21.49.15:870][  0]LogConfig: Setting CVar [[gc.AllowParallelGC:1]]
[2020.11.11-21.49.15:870][  0]LogConfig: Setting CVar [[gc.TimeBetweenPurgingPendingKillObjects:61.1]]
[2020.11.11-21.49.15:870][  0]LogConfig: Setting CVar [[gc.MaxObjectsInEditor:25165824]]
[2020.11.11-21.49.15:870][  0]LogConfig: Setting CVar [[gc.IncrementalBeginDestroyEnabled:1]]
[2020.11.11-21.49.15:870][  0]LogConfig: Setting CVar [[gc.CreateGCClusters:1]]
[2020.11.11-21.49.15:870][  0]LogConfig: Setting CVar [[gc.MinGCClusterSize:5]]
[2020.11.11-21.49.15:870][  0]LogConfig: Setting CVar [[gc.ActorClusteringEnabled:0]]
[2020.11.11-21.49.15:870][  0]LogConfig: Setting CVar [[gc.BlueprintClusteringEnabled:0]]
[2020.11.11-21.49.15:870][  0]LogConfig: Setting CVar [[gc.UseDisregardForGCOnDedicatedServers:0]]
[2020.11.11-21.49.15:870][  0]LogConfig: Applying CVar settings from Section [/Script/Engine.NetworkSettings] File [C:/Users/JONSHERW/Documents/ToonTank/ToonTanks/Saved/Config/Windows/Engine.ini]
[2020.11.11-21.49.15:870][  0]LogConfig: Applying CVar settings from Section [/Script/UnrealEd.CookerSettings] File [C:/Users/JONSHERW/Documents/ToonTank/ToonTanks/Saved/Config/Windows/Engine.ini]
[2020.11.11-21.49.15:875][  0]LogConfig: Applying CVar settings from Section [ViewDistanceQuality@3] File [C:/Users/JONSHERW/Documents/ToonTank/ToonTanks/Saved/Config/Windows/Scalability.ini]
[2020.11.11-21.49.15:875][  0]LogConfig: Setting CVar [[r.SkeletalMeshLODBias:0]]
[2020.11.11-21.49.15:875][  0]LogConfig: Setting CVar [[r.ViewDistanceScale:1.0]]
[2020.11.11-21.49.15:875][  0]LogConfig: Applying CVar settings from Section [AntiAliasingQuality@3] File [C:/Users/JONSHERW/Documents/ToonTank/ToonTanks/Saved/Config/Windows/Scalability.ini]
[2020.11.11-21.49.15:875][  0]LogConfig: Setting CVar [[r.PostProcessAAQuality:4]]
[2020.11.11-21.49.15:875][  0]LogConfig: Applying CVar settings from Section [ShadowQuality@3] File [C:/Users/JONSHERW/Documents/ToonTank/ToonTanks/Saved/Config/Windows/Scalability.ini]
[2020.11.11-21.49.15:875][  0]LogConfig: Setting CVar [[r.LightFunctionQuality:1]]
[2020.11.11-21.49.15:875][  0]LogConfig: Setting CVar [[r.ShadowQuality:5]]
[2020.11.11-21.49.15:875][  0]LogConfig: Setting CVar [[r.Shadow.CSM.MaxCascades:10]]
[2020.11.11-21.49.15:875][  0]LogConfig: Setting CVar [[r.Shadow.MaxResolution:2048]]
[2020.11.11-21.49.15:875][  0]LogConfig: Setting CVar [[r.Shadow.MaxCSMResolution:2048]]
[2020.11.11-21.49.15:875][  0]LogConfig: Setting CVar [[r.Shadow.RadiusThreshold:0.01]]
[2020.11.11-21.49.15:875][  0]LogConfig: Setting CVar [[r.Shadow.DistanceScale:1.0]]
[2020.11.11-21.49.15:875][  0]LogConfig: Setting CVar [[r.Shadow.CSM.TransitionScale:1.0]]
[2020.11.11-21.49.15:876][  0]LogConfig: Setting CVar [[r.Shadow.PreShadowResolutionFactor:1.0]]
[2020.11.11-21.49.15:876][  0]LogConfig: Setting CVar [[r.DistanceFieldShadowing:1]]
[2020.11.11-21.49.15:876][  0]LogConfig: Setting CVar [[r.DistanceFieldAO:1]]
[2020.11.11-21.49.15:876][  0]LogConfig: Setting CVar [[r.AOQuality:2]]
[2020.11.11-21.49.15:876][  0]LogConfig: Setting CVar [[r.VolumetricFog:1]]
[2020.11.11-21.49.15:876][  0]LogConfig: Setting CVar [[r.VolumetricFog.GridPixelSize:8]]
[2020.11.11-21.49.15:876][  0]LogConfig: Setting CVar [[r.VolumetricFog.GridSizeZ:128]]
[2020.11.11-21.49.15:876][  0]LogConfig: Setting CVar [[r.VolumetricFog.HistoryMissSupersampleCount:4]]
[2020.11.11-21.49.15:876][  0]LogConfig: Setting CVar [[r.LightMaxDrawDistanceScale:1]]
[2020.11.11-21.49.15:876][  0]LogConfig: Setting CVar [[r.CapsuleShadows:1]]
[2020.11.11-21.49.15:876][  0]LogConfig: Applying CVar settings from Section [PostProcessQuality@3] File [C:/Users/JONSHERW/Documents/ToonTank/ToonTanks/Saved/Config/Windows/Scalability.ini]
[2020.11.11-21.49.15:876][  0]LogConfig: Setting CVar [[r.MotionBlurQuality:4]]
[2020.11.11-21.49.15:876][  0]LogConfig: Setting CVar [[r.AmbientOcclusionMipLevelFactor:0.4]]
[2020.11.11-21.49.15:876][  0]LogConfig: Setting CVar [[r.AmbientOcclusionMaxQuality:100]]
[2020.11.11-21.49.15:876][  0]LogConfig: Setting CVar [[r.AmbientOcclusionLevels:-1]]
[2020.11.11-21.49.15:876][  0]LogConfig: Setting CVar [[r.AmbientOcclusionRadiusScale:1.0]]
[2020.11.11-21.49.15:876][  0]LogConfig: Setting CVar [[r.DepthOfFieldQuality:2]]
[2020.11.11-21.49.15:876][  0]LogConfig: Setting CVar [[r.RenderTargetPoolMin:400]]
[2020.11.11-21.49.15:876][  0]LogConfig: Setting CVar [[r.LensFlareQuality:2]]
[2020.11.11-21.49.15:876][  0]LogConfig: Setting CVar [[r.SceneColorFringeQuality:1]]
[2020.11.11-21.49.15:876][  0]LogConfig: Setting CVar [[r.EyeAdaptationQuality:2]]
[2020.11.11-21.49.15:876][  0]LogConfig: Setting CVar [[r.BloomQuality:5]]
[2020.11.11-21.49.15:876][  0]LogConfig: Setting CVar [[r.FastBlurThreshold:100]]
[2020.11.11-21.49.15:876][  0]LogConfig: Setting CVar [[r.Upscale.Quality:3]]
[2020.11.11-21.49.15:876][  0]LogConfig: Setting CVar [[r.Tonemapper.GrainQuantization:1]]
[2020.11.11-21.49.15:876][  0]LogConfig: Setting CVar [[r.LightShaftQuality:1]]
[2020.11.11-21.49.15:876][  0]LogConfig: Setting CVar [[r.Filter.SizeScale:1]]
[2020.11.11-21.49.15:876][  0]LogConfig: Setting CVar [[r.Tonemapper.Quality:5]]
[2020.11.11-21.49.15:876][  0]LogConfig: Setting CVar [[r.DOF.Gather.AccumulatorQuality:1        ; higher gathering accumulator quality]]
[2020.11.11-21.49.15:876][  0]LogConfig: Setting CVar [[r.DOF.Gather.PostfilterMethod:1          ; Median3x3 postfilering method]]
[2020.11.11-21.49.15:876][  0]LogConfig: Setting CVar [[r.DOF.Gather.EnableBokehSettings:0       ; no bokeh simulation when gathering]]
[2020.11.11-21.49.15:876][  0]LogConfig: Setting CVar [[r.DOF.Gather.RingCount:4                 ; medium number of samples when gathering]]
[2020.11.11-21.49.15:876][  0]LogConfig: Setting CVar [[r.DOF.Scatter.ForegroundCompositing:1    ; additive foreground scattering]]
[2020.11.11-21.49.15:876][  0]LogConfig: Setting CVar [[r.DOF.Scatter.BackgroundCompositing:2    ; additive background scattering]]
[2020.11.11-21.49.15:876][  0]LogConfig: Setting CVar [[r.DOF.Scatter.EnableBokehSettings:1      ; bokeh simulation when scattering]]
[2020.11.11-21.49.15:876][  0]LogConfig: Setting CVar [[r.DOF.Scatter.MaxSpriteRatio:0.1         ; only a maximum of 10% of scattered bokeh]]
[2020.11.11-21.49.15:876][  0]LogConfig: Setting CVar [[r.DOF.Recombine.Quality:1                ; cheap slight out of focus]]
[2020.11.11-21.49.15:876][  0]LogConfig: Setting CVar [[r.DOF.Recombine.EnableBokehSettings:0    ; no bokeh simulation on slight out of focus]]
[2020.11.11-21.49.15:876][  0]LogConfig: Setting CVar [[r.DOF.TemporalAAQuality:1                ; more stable temporal accumulation]]
[2020.11.11-21.49.15:876][  0]LogConfig: Setting CVar [[r.DOF.Kernel.MaxForegroundRadius:0.025]]
[2020.11.11-21.49.15:876][  0]LogConfig: Setting CVar [[r.DOF.Kernel.MaxBackgroundRadius:0.025]]
[2020.11.11-21.49.15:876][  0]LogConfig: Applying CVar settings from Section [TextureQuality@3] File [C:/Users/JONSHERW/Documents/ToonTank/ToonTanks/Saved/Config/Windows/Scalability.ini]
[2020.11.11-21.49.15:876][  0]LogConfig: Setting CVar [[r.Streaming.MipBias:0]]
[2020.11.11-21.49.15:876][  0]LogConfig: Setting CVar [[r.Streaming.AmortizeCPUToGPUCopy:0]]
[2020.11.11-21.49.15:876][  0]LogConfig: Setting CVar [[r.Streaming.MaxNumTexturesToStreamPerFrame:0]]
[2020.11.11-21.49.15:876][  0]LogConfig: Setting CVar [[r.Streaming.Boost:1]]
[2020.11.11-21.49.15:876][  0]LogConfig: Setting CVar [[r.MaxAnisotropy:8]]
[2020.11.11-21.49.15:876][  0]LogConfig: Setting CVar [[r.VT.MaxAnisotropy:8]]
[2020.11.11-21.49.15:876][  0]LogConfig: Setting CVar [[r.Streaming.LimitPoolSizeToVRAM:0]]
[2020.11.11-21.49.15:876][  0]LogConfig: Setting CVar [[r.Streaming.PoolSize:1000]]
[2020.11.11-21.49.15:876][  0]LogConfig: Setting CVar [[r.Streaming.MaxEffectiveScreenSize:0]]
[2020.11.11-21.49.15:876][  0]LogConfig: Applying CVar settings from Section [EffectsQuality@3] File [C:/Users/JONSHERW/Documents/ToonTank/ToonTanks/Saved/Config/Windows/Scalability.ini]
[2020.11.11-21.49.15:876][  0]LogConfig: Setting CVar [[r.TranslucencyLightingVolumeDim:64]]
[2020.11.11-21.49.15:876][  0]LogConfig: Setting CVar [[r.RefractionQuality:2]]
[2020.11.11-21.49.15:876][  0]LogConfig: Setting CVar [[r.SSR.Quality:3]]
[2020.11.11-21.49.15:876][  0]LogConfig: Setting CVar [[r.SSR.HalfResSceneColor:0]]
[2020.11.11-21.49.15:876][  0]LogConfig: Setting CVar [[r.SceneColorFormat:4]]
[2020.11.11-21.49.15:876][  0]LogConfig: Setting CVar [[r.DetailMode:2]]
[2020.11.11-21.49.15:876][  0]LogConfig: Setting CVar [[r.TranslucencyVolumeBlur:1]]
[2020.11.11-21.49.15:876][  0]LogConfig: Setting CVar [[r.MaterialQualityLevel:1 ; High quality]]
[2020.11.11-21.49.15:876][  0]LogConfig: Setting CVar [[r.SSS.Scale:1]]
[2020.11.11-21.49.15:876][  0]LogConfig: Setting CVar [[r.SSS.SampleSet:2]]
[2020.11.11-21.49.15:876][  0]LogConfig: Setting CVar [[r.SSS.Quality:1]]
[2020.11.11-21.49.15:876][  0]LogConfig: Setting CVar [[r.SSS.HalfRes:0]]
[2020.11.11-21.49.15:876][  0]LogConfig: Setting CVar [[r.SSGI.Quality:3]]
[2020.11.11-21.49.15:876][  0]LogConfig: Setting CVar [[r.EmitterSpawnRateScale:1.0]]
[2020.11.11-21.49.15:876][  0]LogConfig: Setting CVar [[r.ParticleLightQuality:2]]
[2020.11.11-21.49.15:876][  0]LogConfig: Setting CVar [[r.SkyAtmosphere.AerialPerspectiveLUT.FastApplyOnOpaque:1 ; Always have FastSkyLUT 1 in this case to avoid wrong sky]]
[2020.11.11-21.49.15:876][  0]LogConfig: Setting CVar [[r.SkyAtmosphere.AerialPerspectiveLUT.SampleCountPerSlice:1]]
[2020.11.11-21.49.15:876][  0]LogConfig: Setting CVar [[r.SkyAtmosphere.AerialPerspectiveLUT.DepthResolution:16.0]]
[2020.11.11-21.49.15:876][  0]LogConfig: Setting CVar [[r.SkyAtmosphere.FastSkyLUT:1]]
[2020.11.11-21.49.15:876][  0]LogConfig: Setting CVar [[r.SkyAtmosphere.FastSkyLUT.SampleCountMin:4.0]]
[2020.11.11-21.49.15:876][  0]LogConfig: Setting CVar [[r.SkyAtmosphere.FastSkyLUT.SampleCountMax:32.0]]
[2020.11.11-21.49.15:876][  0]LogConfig: Setting CVar [[r.SkyAtmosphere.SampleCountMin:4.0]]
[2020.11.11-21.49.15:876][  0]LogConfig: Setting CVar [[r.SkyAtmosphere.SampleCountMax:32.0]]
[2020.11.11-21.49.15:876][  0]LogConfig: Setting CVar [[r.SkyAtmosphere.TransmittanceLUT.UseSmallFormat:0]]
[2020.11.11-21.49.15:876][  0]LogConfig: Setting CVar [[r.SkyAtmosphere.TransmittanceLUT.SampleCount:10.0]]
[2020.11.11-21.49.15:876][  0]LogConfig: Setting CVar [[r.SkyAtmosphere.MultiScatteringLUT.SampleCount:15.0]]
[2020.11.11-21.49.15:876][  0]LogConfig: Applying CVar settings from Section [FoliageQuality@3] File [C:/Users/JONSHERW/Documents/ToonTank/ToonTanks/Saved/Config/Windows/Scalability.ini]
[2020.11.11-21.49.15:876][  0]LogConfig: Setting CVar [[foliage.DensityScale:1.0]]
[2020.11.11-21.49.15:876][  0]LogConfig: Setting CVar [[grass.DensityScale:1.0]]
[2020.11.11-21.49.15:877][  0]LogConfig: Applying CVar settings from Section [ShadingQuality@3] File [C:/Users/JONSHERW/Documents/ToonTank/ToonTanks/Saved/Config/Windows/Scalability.ini]
[2020.11.11-21.49.15:877][  0]LogConfig: Setting CVar [[r.HairStrands.SkyLighting.SampleCount:16]]
[2020.11.11-21.49.15:877][  0]LogConfig: Setting CVar [[r.HairStrands.SkyLighting.JitterIntegration:0]]
[2020.11.11-21.49.15:877][  0]LogConfig: Setting CVar [[r.HairStrands.SkyAO.SampleCount:16]]
[2020.11.11-21.49.15:877][  0]LogConfig: Setting CVar [[r.HairStrands.DeepShadow.SuperSampling:0]]
[2020.11.11-21.49.15:877][  0]LogConfig: Setting CVar [[r.HairStrands.VisibilityPPLL:0]]
[2020.11.11-21.49.15:877][  0]LogConfig: Setting CVar [[r.HairStrands.RasterizationScale:0.5]]
[2020.11.11-21.49.15:877][  0]LogConfig: Setting CVar [[r.HairStrands.VelocityRasterizationScale:1]]
[2020.11.11-21.49.15:877][  0]LogInit: Selected Device Profile: [Windows]
[2020.11.11-21.49.15:877][  0]LogInit: Applying CVar settings loaded from the selected device profile: [Windows]
[2020.11.11-21.49.15:877][  0]LogHAL: Display: Platform has ~ 16 GB [17098186752 / 17179869184 / 16], which maps to Larger [LargestMinGB=32, LargerMinGB=12, DefaultMinGB=8, SmallerMinGB=6, SmallestMinGB=0)
[2020.11.11-21.49.15:877][  0]LogInit: Going up to parent DeviceProfile []
[2020.11.11-21.49.15:877][  0]LogConfig: Applying CVar settings from Section [ViewDistanceQuality@3] File [C:/Users/JONSHERW/Documents/ToonTank/ToonTanks/Saved/Config/Windows/Scalability.ini]
[2020.11.11-21.49.15:877][  0]LogConfig: Setting CVar [[r.SkeletalMeshLODBias:0]]
[2020.11.11-21.49.15:877][  0]LogConfig: Setting CVar [[r.ViewDistanceScale:1.0]]
[2020.11.11-21.49.15:877][  0]LogConfig: Applying CVar settings from Section [AntiAliasingQuality@3] File [C:/Users/JONSHERW/Documents/ToonTank/ToonTanks/Saved/Config/Windows/Scalability.ini]
[2020.11.11-21.49.15:877][  0]LogConfig: Setting CVar [[r.PostProcessAAQuality:4]]
[2020.11.11-21.49.15:877][  0]LogConfig: Applying CVar settings from Section [ShadowQuality@3] File [C:/Users/JONSHERW/Documents/ToonTank/ToonTanks/Saved/Config/Windows/Scalability.ini]
[2020.11.11-21.49.15:877][  0]LogConfig: Setting CVar [[r.LightFunctionQuality:1]]
[2020.11.11-21.49.15:877][  0]LogConfig: Setting CVar [[r.ShadowQuality:5]]
[2020.11.11-21.49.15:877][  0]LogConfig: Setting CVar [[r.Shadow.CSM.MaxCascades:10]]
[2020.11.11-21.49.15:877][  0]LogConfig: Setting CVar [[r.Shadow.MaxResolution:2048]]
[2020.11.11-21.49.15:877][  0]LogConfig: Setting CVar [[r.Shadow.MaxCSMResolution:2048]]
[2020.11.11-21.49.15:877][  0]LogConfig: Setting CVar [[r.Shadow.RadiusThreshold:0.01]]
[2020.11.11-21.49.15:877][  0]LogConfig: Setting CVar [[r.Shadow.DistanceScale:1.0]]
[2020.11.11-21.49.15:877][  0]LogConfig: Setting CVar [[r.Shadow.CSM.TransitionScale:1.0]]
[2020.11.11-21.49.15:877][  0]LogConfig: Setting CVar [[r.Shadow.PreShadowResolutionFactor:1.0]]
[2020.11.11-21.49.15:877][  0]LogConfig: Setting CVar [[r.DistanceFieldShadowing:1]]
[2020.11.11-21.49.15:877][  0]LogConfig: Setting CVar [[r.DistanceFieldAO:1]]
[2020.11.11-21.49.15:877][  0]LogConfig: Setting CVar [[r.AOQuality:2]]
[2020.11.11-21.49.15:877][  0]LogConfig: Setting CVar [[r.VolumetricFog:1]]
[2020.11.11-21.49.15:877][  0]LogConfig: Setting CVar [[r.VolumetricFog.GridPixelSize:8]]
[2020.11.11-21.49.15:877][  0]LogConfig: Setting CVar [[r.VolumetricFog.GridSizeZ:128]]
[2020.11.11-21.49.15:877][  0]LogConfig: Setting CVar [[r.VolumetricFog.HistoryMissSupersampleCount:4]]
[2020.11.11-21.49.15:877][  0]LogConfig: Setting CVar [[r.LightMaxDrawDistanceScale:1]]
[2020.11.11-21.49.15:877][  0]LogConfig: Setting CVar [[r.CapsuleShadows:1]]
[2020.11.11-21.49.15:877][  0]LogConfig: Applying CVar settings from Section [PostProcessQuality@3] File [C:/Users/JONSHERW/Documents/ToonTank/ToonTanks/Saved/Config/Windows/Scalability.ini]
[2020.11.11-21.49.15:877][  0]LogConfig: Setting CVar [[r.MotionBlurQuality:4]]
[2020.11.11-21.49.15:877][  0]LogConfig: Setting CVar [[r.AmbientOcclusionMipLevelFactor:0.4]]
[2020.11.11-21.49.15:877][  0]LogConfig: Setting CVar [[r.AmbientOcclusionMaxQuality:100]]
[2020.11.11-21.49.15:877][  0]LogConfig: Setting CVar [[r.AmbientOcclusionLevels:-1]]
[2020.11.11-21.49.15:877][  0]LogConfig: Setting CVar [[r.AmbientOcclusionRadiusScale:1.0]]
[2020.11.11-21.49.15:877][  0]LogConfig: Setting CVar [[r.DepthOfFieldQuality:2]]
[2020.11.11-21.49.15:877][  0]LogConfig: Setting CVar [[r.RenderTargetPoolMin:400]]
[2020.11.11-21.49.15:877][  0]LogConfig: Setting CVar [[r.LensFlareQuality:2]]
[2020.11.11-21.49.15:877][  0]LogConfig: Setting CVar [[r.SceneColorFringeQuality:1]]
[2020.11.11-21.49.15:877][  0]LogConfig: Setting CVar [[r.EyeAdaptationQuality:2]]
[2020.11.11-21.49.15:877][  0]LogConfig: Setting CVar [[r.BloomQuality:5]]
[2020.11.11-21.49.15:877][  0]LogConfig: Setting CVar [[r.FastBlurThreshold:100]]
[2020.11.11-21.49.15:877][  0]LogConfig: Setting CVar [[r.Upscale.Quality:3]]
[2020.11.11-21.49.15:877][  0]LogConfig: Setting CVar [[r.Tonemapper.GrainQuantization:1]]
[2020.11.11-21.49.15:877][  0]LogConfig: Setting CVar [[r.LightShaftQuality:1]]
[2020.11.11-21.49.15:877][  0]LogConfig: Setting CVar [[r.Filter.SizeScale:1]]
[2020.11.11-21.49.15:877][  0]LogConfig: Setting CVar [[r.Tonemapper.Quality:5]]
[2020.11.11-21.49.15:877][  0]LogConfig: Setting CVar [[r.DOF.Gather.AccumulatorQuality:1        ; higher gathering accumulator quality]]
[2020.11.11-21.49.15:877][  0]LogConfig: Setting CVar [[r.DOF.Gather.PostfilterMethod:1          ; Median3x3 postfilering method]]
[2020.11.11-21.49.15:877][  0]LogConfig: Setting CVar [[r.DOF.Gather.EnableBokehSettings:0       ; no bokeh simulation when gathering]]
[2020.11.11-21.49.15:877][  0]LogConfig: Setting CVar [[r.DOF.Gather.RingCount:4                 ; medium number of samples when gathering]]
[2020.11.11-21.49.15:877][  0]LogConfig: Setting CVar [[r.DOF.Scatter.ForegroundCompositing:1    ; additive foreground scattering]]
[2020.11.11-21.49.15:877][  0]LogConfig: Setting CVar [[r.DOF.Scatter.BackgroundCompositing:2    ; additive background scattering]]
[2020.11.11-21.49.15:877][  0]LogConfig: Setting CVar [[r.DOF.Scatter.EnableBokehSettings:1      ; bokeh simulation when scattering]]
[2020.11.11-21.49.15:877][  0]LogConfig: Setting CVar [[r.DOF.Scatter.MaxSpriteRatio:0.1         ; only a maximum of 10% of scattered bokeh]]
[2020.11.11-21.49.15:877][  0]LogConfig: Setting CVar [[r.DOF.Recombine.Quality:1                ; cheap slight out of focus]]
[2020.11.11-21.49.15:877][  0]LogConfig: Setting CVar [[r.DOF.Recombine.EnableBokehSettings:0    ; no bokeh simulation on slight out of focus]]
[2020.11.11-21.49.15:877][  0]LogConfig: Setting CVar [[r.DOF.TemporalAAQuality:1                ; more stable temporal accumulation]]
[2020.11.11-21.49.15:877][  0]LogConfig: Setting CVar [[r.DOF.Kernel.MaxForegroundRadius:0.025]]
[2020.11.11-21.49.15:877][  0]LogConfig: Setting CVar [[r.DOF.Kernel.MaxBackgroundRadius:0.025]]
[2020.11.11-21.49.15:877][  0]LogConfig: Applying CVar settings from Section [TextureQuality@3] File [C:/Users/JONSHERW/Documents/ToonTank/ToonTanks/Saved/Config/Windows/Scalability.ini]
[2020.11.11-21.49.15:877][  0]LogConfig: Setting CVar [[r.Streaming.MipBias:0]]
[2020.11.11-21.49.15:877][  0]LogConfig: Setting CVar [[r.Streaming.AmortizeCPUToGPUCopy:0]]
[2020.11.11-21.49.15:877][  0]LogConfig: Setting CVar [[r.Streaming.MaxNumTexturesToStreamPerFrame:0]]
[2020.11.11-21.49.15:878][  0]LogConfig: Setting CVar [[r.Streaming.Boost:1]]
[2020.11.11-21.49.15:878][  0]LogConfig: Setting CVar [[r.MaxAnisotropy:8]]
[2020.11.11-21.49.15:878][  0]LogConfig: Setting CVar [[r.VT.MaxAnisotropy:8]]
[2020.11.11-21.49.15:878][  0]LogConfig: Setting CVar [[r.Streaming.LimitPoolSizeToVRAM:0]]
[2020.11.11-21.49.15:878][  0]LogConfig: Setting CVar [[r.Streaming.PoolSize:1000]]
[2020.11.11-21.49.15:878][  0]LogConfig: Setting CVar [[r.Streaming.MaxEffectiveScreenSize:0]]
[2020.11.11-21.49.15:878][  0]LogConfig: Applying CVar settings from Section [EffectsQuality@3] File [C:/Users/JONSHERW/Documents/ToonTank/ToonTanks/Saved/Config/Windows/Scalability.ini]
[2020.11.11-21.49.15:878][  0]LogConfig: Setting CVar [[r.TranslucencyLightingVolumeDim:64]]
[2020.11.11-21.49.15:878][  0]LogConfig: Setting CVar [[r.RefractionQuality:2]]
[2020.11.11-21.49.15:878][  0]LogConfig: Setting CVar [[r.SSR.Quality:3]]
[2020.11.11-21.49.15:878][  0]LogConfig: Setting CVar [[r.SSR.HalfResSceneColor:0]]
[2020.11.11-21.49.15:878][  0]LogConfig: Setting CVar [[r.SceneColorFormat:4]]
[2020.11.11-21.49.15:878][  0]LogConfig: Setting CVar [[r.DetailMode:2]]
[2020.11.11-21.49.15:878][  0]LogConfig: Setting CVar [[r.TranslucencyVolumeBlur:1]]
[2020.11.11-21.49.15:878][  0]LogConfig: Setting CVar [[r.MaterialQualityLevel:1 ; High quality]]
[2020.11.11-21.49.15:878][  0]LogConfig: Setting CVar [[r.SSS.Scale:1]]
[2020.11.11-21.49.15:878][  0]LogConfig: Setting CVar [[r.SSS.SampleSet:2]]
[2020.11.11-21.49.15:878][  0]LogConfig: Setting CVar [[r.SSS.Quality:1]]
[2020.11.11-21.49.15:878][  0]LogConfig: Setting CVar [[r.SSS.HalfRes:0]]
[2020.11.11-21.49.15:878][  0]LogConfig: Setting CVar [[r.SSGI.Quality:3]]
[2020.11.11-21.49.15:878][  0]LogConfig: Setting CVar [[r.EmitterSpawnRateScale:1.0]]
[2020.11.11-21.49.15:878][  0]LogConfig: Setting CVar [[r.ParticleLightQuality:2]]
[2020.11.11-21.49.15:878][  0]LogConfig: Setting CVar [[r.SkyAtmosphere.AerialPerspectiveLUT.FastApplyOnOpaque:1 ; Always have FastSkyLUT 1 in this case to avoid wrong sky]]
[2020.11.11-21.49.15:878][  0]LogConfig: Setting CVar [[r.SkyAtmosphere.AerialPerspectiveLUT.SampleCountPerSlice:1]]
[2020.11.11-21.49.15:878][  0]LogConfig: Setting CVar [[r.SkyAtmosphere.AerialPerspectiveLUT.DepthResolution:16.0]]
[2020.11.11-21.49.15:878][  0]LogConfig: Setting CVar [[r.SkyAtmosphere.FastSkyLUT:1]]
[2020.11.11-21.49.15:878][  0]LogConfig: Setting CVar [[r.SkyAtmosphere.FastSkyLUT.SampleCountMin:4.0]]
[2020.11.11-21.49.15:878][  0]LogConfig: Setting CVar [[r.SkyAtmosphere.FastSkyLUT.SampleCountMax:32.0]]
[2020.11.11-21.49.15:878][  0]LogConfig: Setting CVar [[r.SkyAtmosphere.SampleCountMin:4.0]]
[2020.11.11-21.49.15:878][  0]LogConfig: Setting CVar [[r.SkyAtmosphere.SampleCountMax:32.0]]
[2020.11.11-21.49.15:878][  0]LogConfig: Setting CVar [[r.SkyAtmosphere.TransmittanceLUT.UseSmallFormat:0]]
[2020.11.11-21.49.15:878][  0]LogConfig: Setting CVar [[r.SkyAtmosphere.TransmittanceLUT.SampleCount:10.0]]
[2020.11.11-21.49.15:878][  0]LogConfig: Setting CVar [[r.SkyAtmosphere.MultiScatteringLUT.SampleCount:15.0]]
[2020.11.11-21.49.15:878][  0]LogConfig: Applying CVar settings from Section [FoliageQuality@3] File [C:/Users/JONSHERW/Documents/ToonTank/ToonTanks/Saved/Config/Windows/Scalability.ini]
[2020.11.11-21.49.15:878][  0]LogConfig: Setting CVar [[foliage.DensityScale:1.0]]
[2020.11.11-21.49.15:878][  0]LogConfig: Setting CVar [[grass.DensityScale:1.0]]
[2020.11.11-21.49.15:878][  0]LogConfig: Applying CVar settings from Section [ShadingQuality@3] File [C:/Users/JONSHERW/Documents/ToonTank/ToonTanks/Saved/Config/Windows/Scalability.ini]
[2020.11.11-21.49.15:878][  0]LogConfig: Setting CVar [[r.HairStrands.SkyLighting.SampleCount:16]]
[2020.11.11-21.49.15:878][  0]LogConfig: Setting CVar [[r.HairStrands.SkyLighting.JitterIntegration:0]]
[2020.11.11-21.49.15:878][  0]LogConfig: Setting CVar [[r.HairStrands.SkyAO.SampleCount:16]]
[2020.11.11-21.49.15:878][  0]LogConfig: Setting CVar [[r.HairStrands.DeepShadow.SuperSampling:0]]
[2020.11.11-21.49.15:878][  0]LogConfig: Setting CVar [[r.HairStrands.VisibilityPPLL:0]]
[2020.11.11-21.49.15:878][  0]LogConfig: Setting CVar [[r.HairStrands.RasterizationScale:0.5]]
[2020.11.11-21.49.15:878][  0]LogConfig: Setting CVar [[r.HairStrands.VelocityRasterizationScale:1]]
[2020.11.11-21.49.15:878][  0]LogConfig: Applying CVar settings from Section [Startup] File [../../../Engine/Config/ConsoleVariables.ini]
[2020.11.11-21.49.15:878][  0]LogConfig: Setting CVar [[net.UseAdaptiveNetUpdateFrequency:0]]
[2020.11.11-21.49.15:878][  0]LogConfig: Setting CVar [[p.chaos.AllowCreatePhysxBodies:1]]
[2020.11.11-21.49.15:878][  0]LogConfig: Setting CVar [[fx.SkipVectorVMBackendOptimizations:1]]
[2020.11.11-21.49.15:878][  0]LogConfig: Applying CVar settings from Section [ConsoleVariables] File [C:/Users/JONSHERW/Documents/ToonTank/ToonTanks/Saved/Config/Windows/Engine.ini]
[2020.11.11-21.49.15:878][  0]LogInit: Computer: ELACCA11
[2020.11.11-21.49.15:878][  0]LogInit: User: JONSHERW
[2020.11.11-21.49.15:878][  0]LogInit: CPU Page size=4096, Cores=4
[2020.11.11-21.49.15:878][  0]LogInit: High frequency timer resolution =10.000000 MHz
[2020.11.11-21.49.15:879][  0]LogMemory: Memory total: Physical=15.9GB (16GB approx)
[2020.11.11-21.49.15:879][  0]LogMemory: Platform Memory Stats for Windows
[2020.11.11-21.49.15:879][  0]LogMemory: Process Physical Memory: 115.30 MB used, 115.31 MB peak
[2020.11.11-21.49.15:879][  0]LogMemory: Process Virtual Memory: 104.33 MB used, 104.33 MB peak
[2020.11.11-21.49.15:879][  0]LogMemory: Physical Memory: 9968.09 MB used,  6338.01 MB free, 16306.10 MB total
[2020.11.11-21.49.15:879][  0]LogMemory: Virtual Memory: 5151.30 MB used,  134212576.00 MB free, 134217728.00 MB total
[2020.11.11-21.49.15:882][  0]LogWindows: WindowsPlatformFeatures enabled
[2020.11.11-21.49.15:980][  0]LogInit: Physics initialised using underlying interface: PhysX
[2020.11.11-21.49.15:985][  0]LogInit: Using OS detected language (en-US).
[2020.11.11-21.49.15:985][  0]LogInit: Using OS detected locale (en-US).
[2020.11.11-21.49.15:993][  0]LogTextLocalizationManager: No specific localization for 'en-US' exists, so the 'en' localization will be used.
[2020.11.11-21.49.16:918][  0]LogInit: Setting process to per monitor DPI aware
[2020.11.11-21.49.17:013][  0]LogSlate: New Slate User Created.  User Index 0, Is Virtual User: 0
[2020.11.11-21.49.17:013][  0]LogSlate: Slate User Registered.  User Index 0, Is Virtual User: 0
[2020.11.11-21.49.20:831][  0]LogHMD: Failed to initialize OpenVR with code 110
[2020.11.11-21.49.20:831][  0]LogD3D11RHI: D3D11 min allowed feature level: 11_0
[2020.11.11-21.49.20:831][  0]LogD3D11RHI: D3D11 max allowed feature level: 11_0
[2020.11.11-21.49.20:831][  0]LogD3D11RHI: D3D11 adapters:
[2020.11.11-21.49.20:944][  0]LogD3D11RHI:    0. 'NVIDIA Quadro P5000' (Feature Level 11_0)
[2020.11.11-21.49.20:945][  0]LogD3D11RHI:       16255/0/8153 MB DedicatedVideo/DedicatedSystem/SharedSystem, Outputs:1, VendorId:0x10de
[2020.11.11-21.49.20:948][  0]LogD3D11RHI:    1. 'Microsoft Basic Render Driver' (Feature Level 11_0)
[2020.11.11-21.49.20:948][  0]LogD3D11RHI:       0/0/8153 MB DedicatedVideo/DedicatedSystem/SharedSystem, Outputs:0, VendorId:0x1414
[2020.11.11-21.49.20:948][  0]LogD3D11RHI: Chosen D3D11 Adapter: 0
[2020.11.11-21.49.20:962][  0]LogD3D11RHI: Creating new Direct3DDevice
[2020.11.11-21.49.20:962][  0]LogD3D11RHI:     GPU DeviceId: 0x1bb0 (for the marketing name, search the web for "GPU Device Id")
[2020.11.11-21.49.20:962][  0]LogWindows: EnumDisplayDevices:
[2020.11.11-21.49.20:963][  0]LogWindows:    0. 'NVIDIA Quadro P5000' (P:1 D:1)
[2020.11.11-21.49.20:964][  0]LogWindows:    1. 'NVIDIA Quadro P5000' (P:0 D:0)
[2020.11.11-21.49.20:965][  0]LogWindows:    2. 'NVIDIA Quadro P5000' (P:0 D:0)
[2020.11.11-21.49.20:966][  0]LogWindows:    3. 'NVIDIA Quadro P5000' (P:0 D:0)
[2020.11.11-21.49.20:967][  0]LogWindows: DebugString: FoundDriverCount:4 
[2020.11.11-21.49.20:967][  0]LogD3D11RHI:     Adapter Name: NVIDIA Quadro P5000
[2020.11.11-21.49.20:967][  0]LogD3D11RHI:   Driver Version: 431.94 (internal:26.21.14.3194, unified:431.94)
[2020.11.11-21.49.20:967][  0]LogD3D11RHI:      Driver Date: 9-19-2019
[2020.11.11-21.49.20:967][  0]LogRHI: Texture pool is 11378 MB (70% of 16255 MB)
[2020.11.11-21.49.21:031][  0]LogD3D11RHI: RHI has support for 64 bit atomics
[2020.11.11-21.49.21:031][  0]LogD3D11RHI: Async texture creation enabled
[2020.11.11-21.49.21:031][  0]LogD3D11RHI: Array index from any shader is supported
[2020.11.11-21.49.21:092][  0]LogD3D11RHI: GPU Timing Frequency: 1000.000000 (Debug: 2 1)
[2020.11.11-21.49.21:520][  0]LogTargetPlatformManager: Display: Loaded TargetPlatform 'AllDesktop'
[2020.11.11-21.49.21:546][  0]LogTargetPlatformManager: Display: Loaded TargetPlatform 'Android'
[2020.11.11-21.49.21:546][  0]LogTargetPlatformManager: Display: Loaded TargetPlatform 'Android_ASTC'
[2020.11.11-21.49.21:546][  0]LogTargetPlatformManager: Display: Loaded TargetPlatform 'Android_DXT'
[2020.11.11-21.49.21:546][  0]LogTargetPlatformManager: Display: Loaded TargetPlatform 'Android_ETC2'
[2020.11.11-21.49.21:546][  0]LogTargetPlatformManager: Display: Loaded TargetPlatform 'AndroidClient'
[2020.11.11-21.49.21:546][  0]LogTargetPlatformManager: Display: Loaded TargetPlatform 'Android_ASTCClient'
[2020.11.11-21.49.21:546][  0]LogTargetPlatformManager: Display: Loaded TargetPlatform 'Android_DXTClient'
[2020.11.11-21.49.21:546][  0]LogTargetPlatformManager: Display: Loaded TargetPlatform 'Android_ETC2Client'
[2020.11.11-21.49.21:546][  0]LogTargetPlatformManager: Display: Loaded TargetPlatform 'Android_Multi'
[2020.11.11-21.49.21:546][  0]LogTargetPlatformManager: Display: Loaded TargetPlatform 'Android_MultiClient'
[2020.11.11-21.49.21:579][  0]LogTargetPlatformManager: Display: Loaded TargetPlatform 'IOSClient'
[2020.11.11-21.49.21:579][  0]LogTargetPlatformManager: Display: Loaded TargetPlatform 'IOS'
[2020.11.11-21.49.21:593][  0]LogTargetPlatformManager: Display: Loaded TargetPlatform 'Linux'
[2020.11.11-21.49.21:606][  0]LogTargetPlatformManager: Display: Loaded TargetPlatform 'LinuxNoEditor'
[2020.11.11-21.49.21:622][  0]LogTargetPlatformManager: Display: Loaded TargetPlatform 'LinuxClient'
[2020.11.11-21.49.21:642][  0]LogTargetPlatformManager: Display: Loaded TargetPlatform 'LinuxServer'
[2020.11.11-21.49.21:655][  0]LogTargetPlatformManager: Display: Loaded TargetPlatform 'LinuxAArch64NoEditor'
[2020.11.11-21.49.21:668][  0]LogTargetPlatformManager: Display: Loaded TargetPlatform 'LinuxAArch64Client'
[2020.11.11-21.49.21:681][  0]LogTargetPlatformManager: Display: Loaded TargetPlatform 'LinuxAArch64Server'
[2020.11.11-21.49.21:714][  0]LogTargetPlatformManager: Display: Loaded TargetPlatform 'Lumin'
[2020.11.11-21.49.21:714][  0]LogTargetPlatformManager: Display: Loaded TargetPlatform 'LuminClient'
[2020.11.11-21.49.21:730][  0]LogTargetPlatformManager: Display: Loaded TargetPlatform 'TVOSClient'
[2020.11.11-21.49.21:730][  0]LogTargetPlatformManager: Display: Loaded TargetPlatform 'TVOS'
[2020.11.11-21.49.21:743][  0]LogTargetPlatformManager: Display: Loaded TargetPlatform 'WindowsNoEditor'
[2020.11.11-21.49.21:758][  0]LogTargetPlatformManager: Display: Loaded TargetPlatform 'Windows'
[2020.11.11-21.49.21:772][  0]LogTargetPlatformManager: Display: Loaded TargetPlatform 'WindowsClient'
[2020.11.11-21.49.21:787][  0]LogTargetPlatformManager: Display: Loaded TargetPlatform 'WindowsServer'
[2020.11.11-21.49.21:787][  0]LogTargetPlatformManager: Display: Building Assets For Windows
[2020.11.11-21.49.21:810][  0]LogAudioDebug: Display: Lib vorbis DLL was dynamically loaded.
[2020.11.11-21.49.21:950][  0]LogShaderCompilers: Guid format shader working directory is 2 characters bigger than the processId version (C:/Users/JONSHERW/Documents/ToonTank/ToonTanks/Intermediate/Shaders/WorkingDirectory/21408/).
[2020.11.11-21.49.21:951][  0]LogShaderCompilers: Cleaned the shader compiler working directory 'C:/Users/JONSHERW/AppData/Local/Temp/UnrealShaderWorkingDir/569D9B4B4BECBD71921B6280D6ABF1AF/'.
[2020.11.11-21.49.21:954][  0]LogXGEController: Cleaning working directory: C:/Users/JONSHERW/AppData/Local/Temp/UnrealXGEWorkingDir/
[2020.11.11-21.49.21:954][  0]LogXGEController: Cannot use XGE Controller as Incredibuild is not installed on this machine.
[2020.11.11-21.49.21:954][  0]LogShaderCompilers: Cannot use XGE Shader Compiler as Incredibuild is not installed on this machine.
[2020.11.11-21.49.21:954][  0]LogShaderCompilers: Display: Using Local Shader Compiler.
[2020.11.11-21.49.26:107][  0]LogDerivedDataCache: Display: Max Cache Size: 512 MB
[2020.11.11-21.49.26:324][  0]LogDerivedDataCache: Loaded boot cache 0.22s 75MB C:/Users/JONSHERW/AppData/Local/UnrealEngine/4.25/DerivedDataCache/Boot.ddc.
[2020.11.11-21.49.26:324][  0]LogDerivedDataCache: Display: Loaded Boot cache: C:/Users/JONSHERW/AppData/Local/UnrealEngine/4.25/DerivedDataCache/Boot.ddc
[2020.11.11-21.49.26:324][  0]LogDerivedDataCache: FDerivedDataBackendGraph:  Pak pak cache file C:/Users/JONSHERW/Documents/ToonTank/ToonTanks/DerivedDataCache/DDC.ddp not found, will not use a pak cache.
[2020.11.11-21.49.26:324][  0]LogDerivedDataCache: Unable to find inner node Pak for hierarchical cache Hierarchy.
[2020.11.11-21.49.26:324][  0]LogDerivedDataCache: FDerivedDataBackendGraph:  CompressedPak pak cache file C:/Users/JONSHERW/Documents/ToonTank/ToonTanks/DerivedDataCache/Compressed.ddp not found, will not use a pak cache.
[2020.11.11-21.49.26:324][  0]LogDerivedDataCache: Unable to find inner node CompressedPak for hierarchical cache Hierarchy.
[2020.11.11-21.49.26:337][  0]LogDerivedDataCache: Display: Pak cache opened for reading ../../../Engine/DerivedDataCache/Compressed.ddp.
[2020.11.11-21.49.26:337][  0]LogDerivedDataCache: FDerivedDataBackendGraph:  EnterprisePak pak cache file ../../../Enterprise/DerivedDataCache/Compressed.ddp not found, will not use a pak cache.
[2020.11.11-21.49.26:337][  0]LogDerivedDataCache: Unable to find inner node EnterprisePak for hierarchical cache Hierarchy.
[2020.11.11-21.49.26:339][  0]LogDerivedDataCache: Using Local data cache path C:/Users/JONSHERW/AppData/Local/UnrealEngine/Common/DerivedDataCache: Writable
[2020.11.11-21.49.26:339][  0]LogDerivedDataCache: Shared data cache path not found in *engine.ini, will not use an Shared cache.
[2020.11.11-21.49.26:339][  0]LogDerivedDataCache: Unable to find inner node Shared for hierarchical cache Hierarchy.
[2020.11.11-21.49.26:406][  0]LogSlate: Using FreeType 2.10.0
[2020.11.11-21.49.26:427][  0]LogSlate: SlateFontServices - WITH_FREETYPE: 1, WITH_HARFBUZZ: 1
[2020.11.11-21.49.26:840][  0]LogAssetRegistry: FAssetRegistry took 0.0026 seconds to start up
[2020.11.11-21.49.27:116][  0]LogInit: Selected Device Profile: [Windows]
[2020.11.11-21.49.27:308][  0]LogMeshReduction: Using QuadricMeshReduction for automatic static mesh reduction
[2020.11.11-21.49.27:308][  0]LogMeshReduction: Using SimplygonMeshReduction for automatic skeletal mesh reduction
[2020.11.11-21.49.27:308][  0]LogMeshReduction: Using ProxyLODMeshReduction for automatic mesh merging
[2020.11.11-21.49.27:308][  0]LogMeshReduction: No distributed automatic mesh merging module available
[2020.11.11-21.49.27:308][  0]LogMeshMerging: No distributed automatic mesh merging module available
[2020.11.11-21.49.27:336][  0]LogNetVersion: ToonTanks 1.0.0, NetCL: 13144385, EngineNetVer: 14, GameNetVer: 0 (Checksum: 281104731)
[2020.11.11-21.49.31:255][  0]LogAISub: UAISubsystem::UAISubsystem AISubsystem (000001DD266D2880), frame # 0
[2020.11.11-21.49.31:255][  0]LogAISub: UAISubsystem::UAISubsystem AIPerceptionSystem (000001DD27567740), frame # 0
[2020.11.11-21.49.31:256][  0]LogAISub: UAISubsystem::UAISubsystem EnvQueryManager (000001DD266BEA00), frame # 0
[2020.11.11-21.49.31:375][  0]LogPackageLocalizationCache: Processed 19 localized package path(s) for 1 prioritized culture(s) in 0.113041 seconds
[2020.11.11-21.49.31:383][  0]LogUObjectArray: 15913 objects as part of root set at end of initial load.
[2020.11.11-21.49.31:383][  0]LogUObjectAllocator: 3964304 out of 0 bytes used by permanent object pool.
[2020.11.11-21.49.31:383][  0]LogUObjectArray: CloseDisregardForGC: 0/0 objects in disregard for GC pool
[2020.11.11-21.49.32:445][  0]LogTcpMessaging: Initializing TcpMessaging bridge
[2020.11.11-21.49.32:454][  0]LogUdpMessaging: Initializing bridge on interface 0.0.0.0:0 to multicast group 230.0.0.1:6666.
[2020.11.11-21.49.32:630][  0]SourceControl: Source control is disabled
[2020.11.11-21.49.32:630][  0]SourceControl: Source control is disabled
[2020.11.11-21.49.32:640][  0]SourceControl: Source control is disabled
[2020.11.11-21.49.32:647][  0]SourceControl: Source control is disabled
[2020.11.11-21.49.32:662][  0]SourceControl: Source control is disabled
[2020.11.11-21.49.33:371][  0]LogAndroidPermission: UAndroidPermissionCallbackProxy::GetInstance
[2020.11.11-21.49.33:411][  0]LogAudioCaptureCore: Display: No Audio Capture implementations found. Audio input will be silent.
[2020.11.11-21.49.33:411][  0]LogAudioCaptureCore: Display: No Audio Capture implementations found. Audio input will be silent.
[2020.11.11-21.49.33:496][  0]LogOcInput: OculusInput pre-init called
[2020.11.11-21.49.33:514][  0]LogWindows: Failed to load 'OVRPlugin.dll' (GetLastError=126)
[2020.11.11-21.49.33:515][  0]LogWindows: File 'OVRPlugin.dll' does not exist
[2020.11.11-21.49.33:639][  0]LogEngine: Initializing Engine...
[2020.11.11-21.49.33:640][  0]LogHMD: Failed to initialize OpenVR with code 110
[2020.11.11-21.49.33:640][  0]LogMagicLeap: Warning: VR disabled because ZI is not enabled.  To enable, in the editor, Edit -> Project Settings -> Plugins -> Magic Leap Plugin -> Enable Zero Iteration
[2020.11.11-21.49.33:641][  0]LogStats: UGameplayTagsManager::InitializeManager -  0.000 s
[2020.11.11-21.49.33:773][  0]LogInit: Initializing FReadOnlyCVARCache
[2020.11.11-21.49.33:794][  0]LogAIModule: Creating AISystem for world Untitled
[2020.11.11-21.49.33:794][  0]LogAISub: UAISubsystem::UAISubsystem EnvQueryManager (000001DD29589C00), frame # 0
[2020.11.11-21.49.33:794][  0]LogAISub: UAISubsystem::UAISubsystem AIPerceptionSystem (000001DD2BAD56C0), frame # 0
[2020.11.11-21.49.33:906][  0]LogAudioMixer: Display: Audio Mixer Platform Settings:
[2020.11.11-21.49.33:906][  0]LogAudioMixer: Display: 	Sample Rate:						  48000
[2020.11.11-21.49.33:906][  0]LogAudioMixer: Display: 	Callback Buffer Frame Size Requested: 1024
[2020.11.11-21.49.33:906][  0]LogAudioMixer: Display: 	Callback Buffer Frame Size To Use:	  1024
[2020.11.11-21.49.33:906][  0]LogAudioMixer: Display: 	Number of buffers to queue:			  2
[2020.11.11-21.49.33:906][  0]LogAudioMixer: Display: 	Max Channels (voices):				  32
[2020.11.11-21.49.33:906][  0]LogAudioMixer: Display: 	Number of Async Source Workers:		  0
[2020.11.11-21.49.33:906][  0]LogAudio: Display: AudioDevice MaxSources: 32
[2020.11.11-21.49.33:906][  0]LogAudio: Display: Using built-in audio occlusion.
[2020.11.11-21.49.33:906][  0]LogAudioMixer: Display: Initializing audio mixer.
[2020.11.11-21.49.33:922][  0]LogAudioMixer: Display: 0: FrontLeft
[2020.11.11-21.49.33:922][  0]LogAudioMixer: Display: 1: FrontRight
[2020.11.11-21.49.33:975][  0]LogAudioMixer: Display: Using Audio Device Speakers / Headphones (Realtek Audio)
[2020.11.11-21.49.33:978][  0]LogAudioMixer: Display: Initializing Sound Submixes...
[2020.11.11-21.49.33:980][  0]LogAudioMixer: Display: Creating Master Submix 'MasterSubmixDefault'
[2020.11.11-21.49.33:980][  0]LogAudioMixer: Display: Creating Master Submix 'MasterReverbSubmixDefault'
[2020.11.11-21.49.33:981][  0]LogAudioMixer: Display: Creating Master Submix 'MasterEQSubmixDefault'
[2020.11.11-21.49.33:982][  0]LogInit: FAudioDevice initialized.
[2020.11.11-21.49.33:982][  0]LogNetVersion: Set ProjectVersion to 1.0.0.0. Version Checksum will be recalculated on next use.
[2020.11.11-21.49.34:068][  0]LogDerivedDataCache: Saved boot cache 0.09s 75MB C:/Users/JONSHERW/AppData/Local/UnrealEngine/4.25/DerivedDataCache/Boot.ddc.
[2020.11.11-21.49.34:075][  0]LogInit: Texture streaming: Enabled
[2020.11.11-21.49.34:116][  0]LogEngineSessionManager: EngineSessionManager initialized
[2020.11.11-21.49.34:116][  0]LogEditorSessionSummary: Verbose: Initializing EditorSessionSummaryWriter for editor session tracking
[2020.11.11-21.49.34:119][  0]LogEditorSessionSummary: EditorSessionSummaryWriter initialized
[2020.11.11-21.49.34:226][  0]LogInit: Transaction tracking system initialized
[2020.11.11-21.49.34:299][  0]BlueprintLog: New page: Editor Load
[2020.11.11-21.49.34:496][  0]LocalizationService: Localization service is disabled
[2020.11.11-21.49.34:789][  0]LogSlate: Took 0.013666 seconds to synchronously load lazily loaded font '../../../Engine/Content/Slate/Fonts/Roboto-Regular.ttf' (155K)
[2020.11.11-21.50.57:934][  0]LogSlate: Window 'Low drive space warning' being destroyed
[2020.11.11-21.50.57:935][  0]LogWindowsTextInputMethodSystem: Display: IME system now deactivated.
[2020.11.11-21.50.57:947][  0]Message dialog closed, result: Ok, title: Low drive space warning, text: The following drive locations have limited free space.
It is recommended that you free some space to avoid issues such as crashed and data loss due to files not being able to be written and saved.

  4,277 MB Free 		 D:/Unreal 4.25/UE_4.25/Engine/Binaries/Win64/
 				 The base engine directory. 

[2020.11.11-21.50.58:063][  0]LogCook: Display: Max memory allowance for cook 16384mb min free memory 0mb
[2020.11.11-21.50.58:063][  0]LogCook: Display: Mobile HDR setting 1
[2020.11.11-21.50.58:604][  0]LogFileCache: Scanning file cache for directory 'C:/Users/JONSHERW/Documents/ToonTank/ToonTanks/Content/' took 0.00s
[2020.11.11-21.50.58:867][  0]SourceControl: Source control is disabled
[2020.11.11-21.50.58:867][  0]LogUnrealEdMisc: Loading editor; pre map load, took 107.084
[2020.11.11-21.50.58:868][  0]Cmd: MAP LOAD FILE="C:/Users/JONSHERW/Documents/ToonTank/ToonTanks/Content/Maps/Main.umap" TEMPLATE=0 SHOWPROGRESS=1 FEATURELEVEL=3
[2020.11.11-21.50.58:869][  0]LightingResults: New page: Lighting Build
[2020.11.11-21.50.58:875][  0]LogWorld: UWorld::CleanupWorld for Untitled, bSessionEnded=true, bCleanupResources=true
[2020.11.11-21.50.58:875][  0]LogSlate: InvalidateAllWidgets triggered.  All widgets were invalidated
[2020.11.11-21.50.58:875][  0]MapCheck: New page: Map Check
[2020.11.11-21.50.58:875][  0]LightingResults: New page: Lighting Build
[2020.11.11-21.50.58:889][  0]LogAISub: UAISubsystem::~UAISubsystem EnvQueryManager (000001DD29589C00), frame # 0
[2020.11.11-21.50.58:889][  0]LogAISub: UAISubsystem::~UAISubsystem AIPerceptionSystem (000001DD2BAD56C0), frame # 0
[2020.11.11-21.50.58:890][  0]LogUObjectHash: Compacting FUObjectHashTables data took   0.72ms
[2020.11.11-21.50.59:039][  0]LogAIModule: Creating AISystem for world Main
[2020.11.11-21.50.59:039][  0]LogAISub: UAISubsystem::UAISubsystem EnvQueryManager (000001DD3765FE00), frame # 0
[2020.11.11-21.50.59:039][  0]LogAISub: UAISubsystem::UAISubsystem AIPerceptionSystem (000001DD23B8A0C0), frame # 0
[2020.11.11-21.50.59:044][  0]LogEditorServer: Finished looking for orphan Actors (0.000 secs)
[2020.11.11-21.50.59:058][  0]LogUObjectHash: Compacting FUObjectHashTables data took   1.22ms
[2020.11.11-21.50.59:058][  0]Cmd: MAP CHECKDEP NOCLEARLOG
[2020.11.11-21.50.59:059][  0]MapCheck: Map check complete: 0 Error(s), 0 Warning(s), took 0.209ms to complete.
[2020.11.11-21.50.59:059][  0]LogFileHelpers: Loading map 'Main' took 0.191
[2020.11.11-21.50.59:061][  0]LogUnrealEdMisc: Total Editor Startup Time, took 107.277
[2020.11.11-21.50.59:149][  0]LogWindowsTextInputMethodSystem: Display: IME system now deactivated.
[2020.11.11-21.50.59:212][  0]LogSlate: Updating window title bar state: overlay mode, drag disabled, window buttons hidden, title bar hidden
[2020.11.11-21.50.59:220][  0]LogSlate: Updating window title bar state: overlay mode, drag disabled, window buttons hidden, title bar hidden
[2020.11.11-21.50.59:226][  0]LogSlate: Updating window title bar state: overlay mode, drag disabled, window buttons hidden, title bar hidden
[2020.11.11-21.50.59:234][  0]LogSlate: Updating window title bar state: overlay mode, drag disabled, window buttons hidden, title bar hidden
[2020.11.11-21.50.59:244][  0]LogCollectionManager: Loaded 0 collections in 0.001090 seconds
[2020.11.11-21.50.59:265][  0]LogFileCache: Scanning file cache for directory 'C:/Users/JONSHERW/Documents/ToonTank/ToonTanks/Saved/Collections/' took 0.00s
[2020.11.11-21.50.59:265][  0]LogFileCache: Scanning file cache for directory 'C:/Users/JONSHERW/Documents/ToonTank/ToonTanks/Content/Developers/JONSHERW/Collections/' took 0.00s
[2020.11.11-21.50.59:265][  0]LogFileCache: Scanning file cache for directory 'C:/Users/JONSHERW/Documents/ToonTank/ToonTanks/Content/Collections/' took 0.00s
[2020.11.11-21.50.59:265][  0]LogContentBrowser: Native class hierarchy populated in 0.0097 seconds. Added 3431 classes and 825 folders.
[2020.11.11-21.50.59:279][  0]LogContentBrowser: Native class hierarchy updated for 'WidgetCarousel' in 0.0009 seconds. Added 0 classes and 0 folders.
[2020.11.11-21.51.00:233][  0]LogContentBrowser: Native class hierarchy updated for 'AddContentDialog' in 0.0005 seconds. Added 0 classes and 0 folders.
[2020.11.11-21.51.00:238][  0]LogContentBrowser: Native class hierarchy updated for 'SceneOutliner' in 0.0007 seconds. Added 2 classes and 0 folders.
[2020.11.11-21.51.00:288][  0]LogSlate: Took 0.013650 seconds to synchronously load lazily loaded font '../../../Engine/Content/Slate/Fonts/Roboto-Bold.ttf' (160K)
[2020.11.11-21.51.00:334][  0]LogRenderer: Reallocating scene render targets to support 1616x808 Format 10 NumSamples 1 (Frame:1).
[2020.11.11-21.51.00:529][  0]LogContentBrowser: Native class hierarchy updated for 'HierarchicalLODOutliner' in 0.0005 seconds. Added 0 classes and 0 folders.
[2020.11.11-21.51.00:529][  0]LogLoad: (Engine Initialization) Total time: 108.75 seconds
[2020.11.11-21.51.00:529][  0]LogLoad: (Engine Initialization) Total Blueprint compile time: 0.00 seconds
[2020.11.11-21.51.00:571][  0]LogAssetRegistry: Asset discovery search completed in 93.7320 seconds
[2020.11.11-21.51.00:581][  0]LogCollectionManager: Fixed up redirectors for 0 collections in 0.000003 seconds (updated 0 objects)
[2020.11.11-21.51.00:582][  0]LogContentStreaming: Texture pool size now 1000 MB
[2020.11.11-21.51.01:574][111]LogSlate: Took 0.013440 seconds to synchronously load lazily loaded font '../../../Engine/Content/Slate/Fonts/Roboto-Light.ttf' (167K)
[2020.11.11-21.51.04:447][377]Candidate modules for hot reload:
[2020.11.11-21.51.04:447][377]  ToonTanks
[2020.11.11-21.51.04:447][377]Launching UnrealBuildTool... [D:/Unreal 4.25/UE_4.25/Engine/Binaries/DotNET/UnrealBuildTool.exe  -ModuleWithSuffix=ToonTanks,1412 ToonTanksEditor Win64 Development -Project="C:/Users/JONSHERW/Documents/ToonTank/ToonTanks/ToonTanks.uproject" "C:/Users/JONSHERW/Documents/ToonTank/ToonTanks/ToonTanks.uproject"  -IgnoreJunk]
[2020.11.11-21.51.04:661][377]Warning: Starting HotReload took  0.2s.
[2020.11.11-21.51.16:303][732]CompilerResultsLog: New page: Compilation - Nov 11, 2020, 7:51:16 AM
[2020.11.11-21.51.16:303][732]CompilerResultsLog: Using 'git status' to determine working set for adaptive non-unity build (C:\Users\JONSHERW\Documents\ToonTank).
[2020.11.11-21.51.16:303][732]CompilerResultsLog: Parsing headers for ToonTanksEditor
[2020.11.11-21.51.16:303][732]CompilerResultsLog:   Running UnrealHeaderTool "C:\Users\JONSHERW\Documents\ToonTank\ToonTanks\ToonTanks.uproject" "C:\Users\JONSHERW\Documents\ToonTank\ToonTanks\Intermediate\Build\Win64\ToonTanksEditor\Development\ToonTanksEditor.uhtmanifest" -LogCmds="loginit warning, logexit warning, logdatabase error" -Unattended -WarningsAsErrors -abslog="C:\Users\JONSHERW\AppData\Local\UnrealBuildTool\Log_UHT.txt" -installed
[2020.11.11-21.51.16:303][732]CompilerResultsLog: Reflection code generated for ToonTanksEditor in 6.3900406 seconds
[2020.11.11-21.51.16:303][732]CompilerResultsLog: Building ToonTanksEditor...
[2020.11.11-21.51.16:303][732]CompilerResultsLog: Using Visual Studio 2019 14.22.27905 toolchain (C:\Program Files (x86)\Microsoft Visual Studio\2019\Enterprise\VC\Tools\MSVC\14.22.27905) and Windows 10.0.18362.0 SDK (C:\Program Files (x86)\Windows Kits\10).
[2020.11.11-21.51.16:303][732]CompilerResultsLog: Building 7 actions with 8 processes...
[2020.11.11-21.51.16:303][732]CompilerResultsLog:   [1/7] ToonTanks.init.gen.cpp
[2020.11.11-21.51.16:303][732]CompilerResultsLog:   [2/7] PawnBase.cpp
[2020.11.11-21.51.16:303][732]CompilerResultsLog:   [3/7] ProjectileBase.gen.cpp
[2020.11.11-21.51.16:303][732]CompilerResultsLog:   [4/7] ProjectileBase.cpp
[2020.11.11-21.51.16:303][732]CompilerResultsLog:   [5/7] UE4Editor-ToonTanks-1412.lib
[2020.11.11-21.51.16:303][732]CompilerResultsLog:      Creating library C:\Users\JONSHERW\Documents\ToonTank\ToonTanks\Intermediate\Build\Win64\UE4Editor\Development\ToonTanks\UE4Editor-ToonTanks-1412.lib and object C:\Users\JONSHERW\Documents\ToonTank\ToonTanks\Intermediate\Build\Win64\UE4Editor\Development\ToonTanks\UE4Editor-ToonTanks-1412.exp
[2020.11.11-21.51.16:303][732]CompilerResultsLog:   [6/7] UE4Editor-ToonTanks-1412.dll
[2020.11.11-21.51.16:303][732]CompilerResultsLog:      Creating library C:\Users\JONSHERW\Documents\ToonTank\ToonTanks\Intermediate\Build\Win64\UE4Editor\Development\ToonTanks\UE4Editor-ToonTanks-1412.suppressed.lib and object C:\Users\JONSHERW\Documents\ToonTank\ToonTanks\Intermediate\Build\Win64\UE4Editor\Development\ToonTanks\UE4Editor-ToonTanks-1412.suppressed.exp
[2020.11.11-21.51.16:304][732]CompilerResultsLog:   [7/7] ToonTanksEditor.target
[2020.11.11-21.51.16:304][732]CompilerResultsLog: Total time in Parallel executor: 4.11 seconds
[2020.11.11-21.51.16:304][732]CompilerResultsLog: Total execution time: 11.53 seconds
[2020.11.11-21.51.16:304][732]LogMainFrame: MainFrame: Module compiling took 11.863 seconds
[2020.11.11-21.51.16:341][732]LogClass: Could not find existing class ProjectileBase in package /Script/ToonTanks for HotReload, assuming new class
[2020.11.11-21.51.16:342][732]LogClass: Function OnHit is new.
[2020.11.11-21.51.16:349][732]LogHotReload: Re-instancing ProjectileBase after hot-reload.
[2020.11.11-21.51.16:355][732]LogContentBrowser: Native class hierarchy updated for 'ToonTanks' in 0.0005 seconds. Added 4 classes and 4 folders.
[2020.11.11-21.51.16:356][732]Display: HotReload successful (0 functions remapped  0 scriptstructs remapped)
[2020.11.11-21.51.16:399][732]LogContentBrowser: Native class hierarchy populated in 0.0092 seconds. Added 3431 classes and 825 folders.
[2020.11.11-21.51.16:399][732]Display: HotReload took 12.0s.
[2020.11.11-21.51.16:420][732]LogSlate: Took 0.010440 seconds to synchronously load lazily loaded font '../../../Engine/Content/Slate/Fonts/DroidSansMono.ttf' (77K)
[2020.11.11-21.51.18:180][943]LogTemp: Repeating last play command: Selected Viewport
[2020.11.11-21.51.18:197][943]LogPlayLevel: PlayLevel: No blueprints needed recompiling
[2020.11.11-21.51.18:198][943]PIE: New page: PIE session: Main (Nov 11, 2020, 7:51:18 AM)
[2020.11.11-21.51.18:199][943]LogOnline: OSS: Creating online subsystem instance for: NULL
[2020.11.11-21.51.18:200][943]LogOnline: OSS: TryLoadSubsystemAndSetDefault: Loaded subsystem for module [NULL]
[2020.11.11-21.51.18:200][943]LogPlayLevel: Creating play world package: /Game/Maps/UEDPIE_0_Main
[2020.11.11-21.51.18:203][943]LogPlayLevel: PIE: StaticDuplicateObject took: (0.002992s)
[2020.11.11-21.51.18:204][943]LogAIModule: Creating AISystem for world Main
[2020.11.11-21.51.18:204][943]LogAISub: UAISubsystem::UAISubsystem EnvQueryManager (000001DD3130A200), frame # 1943
[2020.11.11-21.51.18:204][943]LogAISub: UAISubsystem::UAISubsystem AIPerceptionSystem (000001DD34AEE200), frame # 1943
[2020.11.11-21.51.18:204][943]LogPlayLevel: PIE: World Init took: (0.001127s)
[2020.11.11-21.51.18:204][943]LogPlayLevel: PIE: Created PIE world by copying editor world from /Game/Maps/Main.Main to /Game/Maps/UEDPIE_0_Main.Main (0.004254s)
[2020.11.11-21.51.18:214][943]LogUObjectHash: Compacting FUObjectHashTables data took   0.80ms
[2020.11.11-21.51.18:215][943]LogAudioMixer: Display: Audio Mixer Platform Settings:
[2020.11.11-21.51.18:215][943]LogAudioMixer: Display: 	Sample Rate:						  48000
[2020.11.11-21.51.18:215][943]LogAudioMixer: Display: 	Callback Buffer Frame Size Requested: 1024
[2020.11.11-21.51.18:215][943]LogAudioMixer: Display: 	Callback Buffer Frame Size To Use:	  1024
[2020.11.11-21.51.18:215][943]LogAudioMixer: Display: 	Number of buffers to queue:			  2
[2020.11.11-21.51.18:215][943]LogAudioMixer: Display: 	Max Channels (voices):				  32
[2020.11.11-21.51.18:216][943]LogAudioMixer: Display: 	Number of Async Source Workers:		  0
[2020.11.11-21.51.18:216][943]LogAudio: Display: AudioDevice MaxSources: 32
[2020.11.11-21.51.18:216][943]LogAudio: Display: Using built-in audio occlusion.
[2020.11.11-21.51.18:216][943]LogAudioMixer: Display: Initializing audio mixer.
[2020.11.11-21.51.18:221][943]LogAudioMixer: Display: 0: FrontLeft
[2020.11.11-21.51.18:221][943]LogAudioMixer: Display: 1: FrontRight
[2020.11.11-21.51.18:254][943]LogAudioMixer: Display: Using Audio Device Speakers / Headphones (Realtek Audio)
[2020.11.11-21.51.18:254][943]LogAudioMixer: Display: Initializing Sound Submixes...
[2020.11.11-21.51.18:254][943]LogAudioMixer: Display: Creating Master Submix 'MasterSubmixDefault'
[2020.11.11-21.51.18:254][943]LogAudioMixer: Display: Creating Master Submix 'MasterReverbSubmixDefault'
[2020.11.11-21.51.18:255][943]LogAudioMixer: Display: Creating Master Submix 'MasterEQSubmixDefault'
[2020.11.11-21.51.18:274][943]LogInit: FAudioDevice initialized.
[2020.11.11-21.51.18:283][943]LogLoad: Game class is 'GameModeBase'
[2020.11.11-21.51.18:284][943]LogWorld: Bringing World /Game/Maps/UEDPIE_0_Main.Main up for play (max tick rate 0) at 2020.11.11-14.51.18
[2020.11.11-21.51.18:285][943]LogWorld: Bringing up level for play took: 0.001048
[2020.11.11-21.51.18:285][943]LogOnline: OSS: Creating online subsystem instance for: :Context_1
[2020.11.11-21.51.18:307][943]LogContentBrowser: Native class hierarchy updated for 'MovieSceneCapture' in 0.0005 seconds. Added 20 classes and 0 folders.
[2020.11.11-21.51.18:308][943]PIE: Server logged in
[2020.11.11-21.51.18:310][943]PIE: Play in editor total start time 0.117 seconds.
[2020.11.11-21.51.33:018][698]LogSlate: Updating window title bar state: overlay mode, drag disabled, window buttons hidden, title bar hidden
[2020.11.11-21.51.33:018][698]LogWorld: BeginTearingDown for /Game/Maps/UEDPIE_0_Main
[2020.11.11-21.51.33:018][698]LogWorld: UWorld::CleanupWorld for Main, bSessionEnded=true, bCleanupResources=true
[2020.11.11-21.51.33:019][698]LogSlate: InvalidateAllWidgets triggered.  All widgets were invalidated
[2020.11.11-21.51.33:032][698]LogPlayLevel: Display: Shutting down PIE online subsystems
[2020.11.11-21.51.33:034][698]LogSlate: InvalidateAllWidgets triggered.  All widgets were invalidated
[2020.11.11-21.51.33:070][698]LogSlate: Updating window title bar state: overlay mode, drag disabled, window buttons hidden, title bar hidden
[2020.11.11-21.51.33:071][698]LogAISub: UAISubsystem::~UAISubsystem EnvQueryManager (000001DD3130A200), frame # 3698
[2020.11.11-21.51.33:071][698]LogAISub: UAISubsystem::~UAISubsystem AIPerceptionSystem (000001DD34AEE200), frame # 3698
[2020.11.11-21.51.33:072][698]LogUObjectHash: Compacting FUObjectHashTables data took   0.64ms
[2020.11.11-21.51.33:114][699]LogPlayLevel: Display: Destroying online subsystem :Context_1
[2020.11.11-21.51.53:322][ 59]LogSlate: Took 0.013792 seconds to synchronously load lazily loaded font '../../../Engine/Content/Editor/Slate/Fonts/FontAwesome.ttf' (139K)
[2020.11.11-21.51.55:756][332]LogAssetEditorSubsystem: Opening Asset editor for Blueprint /Game/Blueprints/Actors/BP_ProjectileBase.BP_ProjectileBase
[2020.11.11-21.51.56:010][332]LogContentBrowser: Native class hierarchy updated for 'BlueprintGraph' in 0.0012 seconds. Added 125 classes and 0 folders.
[2020.11.11-21.51.58:105][421]LogSlate: Window 'BP_ProjectileBase' being destroyed
[2020.11.11-21.51.58:127][421]LogWorld: UWorld::CleanupWorld for World_3, bSessionEnded=true, bCleanupResources=true
[2020.11.11-21.51.58:127][421]LogSlate: InvalidateAllWidgets triggered.  All widgets were invalidated
[2020.11.11-21.51.58:184][421]LogAssetEditorSubsystem: Opening Asset editor for Blueprint /Game/Blueprints/Actors/BP_ProjectileBase.BP_ProjectileBase
[2020.11.11-21.51.58:624][421]LogSlate: Took 0.016668 seconds to synchronously load lazily loaded font '../../../Engine/Content/Slate/Fonts/Roboto-BoldCondensed.ttf' (158K)
[2020.11.11-21.52.00:741][596]LogSlate: Took 0.013283 seconds to synchronously load lazily loaded font '../../../Engine/Content/Slate/Fonts/Roboto-Italic.ttf' (157K)
[2020.11.11-21.53.06:710][735]Candidate modules for hot reload:
[2020.11.11-21.53.06:711][735]  ToonTanks
[2020.11.11-21.53.06:711][735]Launching UnrealBuildTool... [D:/Unreal 4.25/UE_4.25/Engine/Binaries/DotNET/UnrealBuildTool.exe  -ModuleWithSuffix=ToonTanks,4229 ToonTanksEditor Win64 Development -Project="C:/Users/JONSHERW/Documents/ToonTank/ToonTanks/ToonTanks.uproject" "C:/Users/JONSHERW/Documents/ToonTank/ToonTanks/ToonTanks.uproject"  -IgnoreJunk]
[2020.11.11-21.53.06:941][735]Warning: Starting HotReload took  0.2s.
[2020.11.11-21.53.07:852][793]BlueprintLog: New page: Compile BP_ProjectileBase
[2020.11.11-21.53.07:894][793]LogUObjectHash: Compacting FUObjectHashTables data took   3.29ms
[2020.11.11-21.53.09:554][945]CompilerResultsLog: New page: Compilation - Nov 11, 2020, 7:53:09 AM
[2020.11.11-21.53.09:554][945]CompilerResultsLog: Using 'git status' to determine working set for adaptive non-unity build (C:\Users\JONSHERW\Documents\ToonTank).
[2020.11.11-21.53.09:554][945]CompilerResultsLog: Building ToonTanksEditor...
[2020.11.11-21.53.09:554][945]CompilerResultsLog: Using Visual Studio 2019 14.22.27905 toolchain (C:\Program Files (x86)\Microsoft Visual Studio\2019\Enterprise\VC\Tools\MSVC\14.22.27905) and Windows 10.0.18362.0 SDK (C:\Program Files (x86)\Windows Kits\10).
[2020.11.11-21.53.09:554][945]CompilerResultsLog: Building 3 actions with 8 processes...
[2020.11.11-21.53.09:554][945]CompilerResultsLog:   [1/3] UE4Editor-ToonTanks-4229.lib
[2020.11.11-21.53.09:554][945]CompilerResultsLog:      Creating library C:\Users\JONSHERW\Documents\ToonTank\ToonTanks\Intermediate\Build\Win64\UE4Editor\Development\ToonTanks\UE4Editor-ToonTanks-4229.lib and object C:\Users\JONSHERW\Documents\ToonTank\ToonTanks\Intermediate\Build\Win64\UE4Editor\Development\ToonTanks\UE4Editor-ToonTanks-4229.exp
[2020.11.11-21.53.09:554][945]CompilerResultsLog:   [2/3] UE4Editor-ToonTanks-4229.dll
[2020.11.11-21.53.09:555][945]CompilerResultsLog:      Creating library C:\Users\JONSHERW\Documents\ToonTank\ToonTanks\Intermediate\Build\Win64\UE4Editor\Development\ToonTanks\UE4Editor-ToonTanks-4229.suppressed.lib and object C:\Users\JONSHERW\Documents\ToonTank\ToonTanks\Intermediate\Build\Win64\UE4Editor\Development\ToonTanks\UE4Editor-ToonTanks-4229.suppressed.exp
[2020.11.11-21.53.09:555][945]CompilerResultsLog:   [3/3] ToonTanksEditor.target
[2020.11.11-21.53.09:555][945]CompilerResultsLog: Total time in Parallel executor: 1.52 seconds
[2020.11.11-21.53.09:555][945]CompilerResultsLog: Total execution time: 2.48 seconds
[2020.11.11-21.53.09:555][945]LogMainFrame: MainFrame: Module compiling took 2.851 seconds
[2020.11.11-21.53.09:592][945]LogContentBrowser: Native class hierarchy updated for 'ToonTanks' in 0.0004 seconds. Added 4 classes and 4 folders.
[2020.11.11-21.53.09:595][945]Display: HotReload successful (1 functions remapped  0 scriptstructs remapped)
[2020.11.11-21.53.09:682][945]LogContentBrowser: Native class hierarchy populated in 0.0108 seconds. Added 3431 classes and 825 folders.
[2020.11.11-21.53.09:682][945]Display: HotReload took  3.0s.
[2020.11.11-21.53.13:626][299]LogTemp: Repeating last play command: Selected Viewport
[2020.11.11-21.53.13:645][299]LogPlayLevel: PlayLevel: No blueprints needed recompiling
[2020.11.11-21.53.13:645][299]PIE: New page: PIE session: Main (Nov 11, 2020, 7:53:13 AM)
[2020.11.11-21.53.13:677][299]LogPlayLevel: Creating play world package: /Game/Maps/UEDPIE_0_Main
[2020.11.11-21.53.13:683][299]LogPlayLevel: PIE: StaticDuplicateObject took: (0.006449s)
[2020.11.11-21.53.13:684][299]LogAIModule: Creating AISystem for world Main
[2020.11.11-21.53.13:684][299]LogAISub: UAISubsystem::UAISubsystem EnvQueryManager (000001DDA5C67E00), frame # 7299
[2020.11.11-21.53.13:684][299]LogAISub: UAISubsystem::UAISubsystem AIPerceptionSystem (000001DDA5C6FB00), frame # 7299
[2020.11.11-21.53.13:685][299]LogPlayLevel: PIE: World Init took: (0.001337s)
[2020.11.11-21.53.13:685][299]LogPlayLevel: PIE: Created PIE world by copying editor world from /Game/Maps/Main.Main to /Game/Maps/UEDPIE_0_Main.Main (0.007996s)
[2020.11.11-21.53.13:742][299]LogUObjectHash: Compacting FUObjectHashTables data took   3.39ms
[2020.11.11-21.53.13:743][299]LogAudioMixer: Display: Audio Mixer Platform Settings:
[2020.11.11-21.53.13:743][299]LogAudioMixer: Display: 	Sample Rate:						  48000
[2020.11.11-21.53.13:743][299]LogAudioMixer: Display: 	Callback Buffer Frame Size Requested: 1024
[2020.11.11-21.53.13:743][299]LogAudioMixer: Display: 	Callback Buffer Frame Size To Use:	  1024
[2020.11.11-21.53.13:743][299]LogAudioMixer: Display: 	Number of buffers to queue:			  2
[2020.11.11-21.53.13:743][299]LogAudioMixer: Display: 	Max Channels (voices):				  32
[2020.11.11-21.53.13:743][299]LogAudioMixer: Display: 	Number of Async Source Workers:		  0
[2020.11.11-21.53.13:743][299]LogAudio: Display: AudioDevice MaxSources: 32
[2020.11.11-21.53.13:744][299]LogAudio: Display: Using built-in audio occlusion.
[2020.11.11-21.53.13:744][299]LogAudioMixer: Display: Initializing audio mixer.
[2020.11.11-21.53.13:750][299]LogAudioMixer: Display: 0: FrontLeft
[2020.11.11-21.53.13:750][299]LogAudioMixer: Display: 1: FrontRight
[2020.11.11-21.53.13:788][299]LogAudioMixer: Display: Using Audio Device Speakers / Headphones (Realtek Audio)
[2020.11.11-21.53.13:788][299]LogAudioMixer: Display: Initializing Sound Submixes...
[2020.11.11-21.53.13:788][299]LogAudioMixer: Display: Creating Master Submix 'MasterSubmixDefault'
[2020.11.11-21.53.13:788][299]LogAudioMixer: Display: Creating Master Submix 'MasterReverbSubmixDefault'
[2020.11.11-21.53.13:788][299]LogAudioMixer: Display: Creating Master Submix 'MasterEQSubmixDefault'
[2020.11.11-21.53.13:801][299]LogInit: FAudioDevice initialized.
[2020.11.11-21.53.13:808][299]LogLoad: Game class is 'GameModeBase'
[2020.11.11-21.53.13:810][299]LogWorld: Bringing World /Game/Maps/UEDPIE_0_Main.Main up for play (max tick rate 0) at 2020.11.11-14.53.13
[2020.11.11-21.53.13:811][299]LogWorld: Bringing up level for play took: 0.001495
[2020.11.11-21.53.13:811][299]LogOnline: OSS: Creating online subsystem instance for: :Context_9
[2020.11.11-21.53.13:813][299]PIE: Server logged in
[2020.11.11-21.53.13:814][299]PIE: Play in editor total start time 0.173 seconds.
[2020.11.11-21.53.24:069][520]LogSlate: Updating window title bar state: overlay mode, drag disabled, window buttons hidden, title bar hidden
[2020.11.11-21.53.24:069][520]LogWorld: BeginTearingDown for /Game/Maps/UEDPIE_0_Main
[2020.11.11-21.53.24:070][520]LogWorld: UWorld::CleanupWorld for Main, bSessionEnded=true, bCleanupResources=true
[2020.11.11-21.53.24:071][520]LogSlate: InvalidateAllWidgets triggered.  All widgets were invalidated
[2020.11.11-21.53.24:078][520]LogPlayLevel: Display: Shutting down PIE online subsystems
[2020.11.11-21.53.24:083][520]LogSlate: InvalidateAllWidgets triggered.  All widgets were invalidated
[2020.11.11-21.53.24:106][520]LogSlate: Updating window title bar state: overlay mode, drag disabled, window buttons hidden, title bar hidden
[2020.11.11-21.53.24:132][520]LogAISub: UAISubsystem::~UAISubsystem EnvQueryManager (000001DDA5C67E00), frame # 8520
[2020.11.11-21.53.24:133][520]LogAISub: UAISubsystem::~UAISubsystem AIPerceptionSystem (000001DDA5C6FB00), frame # 8520
[2020.11.11-21.53.24:137][520]LogUObjectHash: Compacting FUObjectHashTables data took   2.98ms
[2020.11.11-21.53.24:179][521]LogPlayLevel: Display: Destroying online subsystem :Context_9
[2020.11.11-21.53.50:216][ 68]Candidate modules for hot reload:
[2020.11.11-21.53.50:216][ 68]  ToonTanks
[2020.11.11-21.53.50:216][ 68]Launching UnrealBuildTool... [D:/Unreal 4.25/UE_4.25/Engine/Binaries/DotNET/UnrealBuildTool.exe  -ModuleWithSuffix=ToonTanks,4556 ToonTanksEditor Win64 Development -Project="C:/Users/JONSHERW/Documents/ToonTank/ToonTanks/ToonTanks.uproject" "C:/Users/JONSHERW/Documents/ToonTank/ToonTanks/ToonTanks.uproject"  -IgnoreJunk]
[2020.11.11-21.53.50:424][ 68]Warning: Starting HotReload took  0.2s.
[2020.11.11-21.53.53:820][438]CompilerResultsLog: New page: Compilation - Nov 11, 2020, 7:53:53 AM
[2020.11.11-21.53.53:820][438]CompilerResultsLog: Using 'git status' to determine working set for adaptive non-unity build (C:\Users\JONSHERW\Documents\ToonTank).
[2020.11.11-21.53.53:820][438]CompilerResultsLog: Building ToonTanksEditor...
[2020.11.11-21.53.53:821][438]CompilerResultsLog: Using Visual Studio 2019 14.22.27905 toolchain (C:\Program Files (x86)\Microsoft Visual Studio\2019\Enterprise\VC\Tools\MSVC\14.22.27905) and Windows 10.0.18362.0 SDK (C:\Program Files (x86)\Windows Kits\10).
[2020.11.11-21.53.53:821][438]CompilerResultsLog: Building 4 actions with 8 processes...
[2020.11.11-21.53.53:821][438]CompilerResultsLog:   [1/4] ProjectileBase.cpp
[2020.11.11-21.53.53:821][438]CompilerResultsLog:   [2/4] UE4Editor-ToonTanks-4556.lib
[2020.11.11-21.53.53:821][438]CompilerResultsLog:      Creating library C:\Users\JONSHERW\Documents\ToonTank\ToonTanks\Intermediate\Build\Win64\UE4Editor\Development\ToonTanks\UE4Editor-ToonTanks-4556.lib and object C:\Users\JONSHERW\Documents\ToonTank\ToonTanks\Intermediate\Build\Win64\UE4Editor\Development\ToonTanks\UE4Editor-ToonTanks-4556.exp
[2020.11.11-21.53.53:821][438]CompilerResultsLog:   [3/4] UE4Editor-ToonTanks-4556.dll
[2020.11.11-21.53.53:821][438]CompilerResultsLog:      Creating library C:\Users\JONSHERW\Documents\ToonTank\ToonTanks\Intermediate\Build\Win64\UE4Editor\Development\ToonTanks\UE4Editor-ToonTanks-4556.suppressed.lib and object C:\Users\JONSHERW\Documents\ToonTank\ToonTanks\Intermediate\Build\Win64\UE4Editor\Development\ToonTanks\UE4Editor-ToonTanks-4556.suppressed.exp
[2020.11.11-21.53.53:821][438]CompilerResultsLog:   [4/4] ToonTanksEditor.target
[2020.11.11-21.53.53:821][438]CompilerResultsLog: Total time in Parallel executor: 2.35 seconds
[2020.11.11-21.53.53:821][438]CompilerResultsLog: Total execution time: 3.27 seconds
[2020.11.11-21.53.53:821][438]LogMainFrame: MainFrame: Module compiling took 3.611 seconds
[2020.11.11-21.53.53:859][438]LogContentBrowser: Native class hierarchy updated for 'ToonTanks' in 0.0005 seconds. Added 4 classes and 4 folders.
[2020.11.11-21.53.53:863][438]Display: HotReload successful (1 functions remapped  0 scriptstructs remapped)
[2020.11.11-21.53.53:965][438]LogContentBrowser: Native class hierarchy populated in 0.0099 seconds. Added 3431 classes and 825 folders.
[2020.11.11-21.53.53:965][438]Display: HotReload took  3.8s.
[2020.11.11-21.53.55:263][546]LogTemp: Repeating last play command: Selected Viewport
[2020.11.11-21.53.55:280][546]LogPlayLevel: PlayLevel: No blueprints needed recompiling
[2020.11.11-21.53.55:280][546]PIE: New page: PIE session: Main (Nov 11, 2020, 7:53:55 AM)
[2020.11.11-21.53.55:280][546]LogPlayLevel: Creating play world package: /Game/Maps/UEDPIE_0_Main
[2020.11.11-21.53.55:283][546]LogPlayLevel: PIE: StaticDuplicateObject took: (0.003146s)
[2020.11.11-21.53.55:284][546]LogAIModule: Creating AISystem for world Main
[2020.11.11-21.53.55:284][546]LogAISub: UAISubsystem::UAISubsystem EnvQueryManager (000001DD5F12FE00), frame # 9546
[2020.11.11-21.53.55:284][546]LogAISub: UAISubsystem::UAISubsystem AIPerceptionSystem (000001DD5F1ADF80), frame # 9546
[2020.11.11-21.53.55:284][546]LogPlayLevel: PIE: World Init took: (0.001161s)
[2020.11.11-21.53.55:284][546]LogPlayLevel: PIE: Created PIE world by copying editor world from /Game/Maps/Main.Main to /Game/Maps/UEDPIE_0_Main.Main (0.004418s)
[2020.11.11-21.53.55:354][546]LogUObjectHash: Compacting FUObjectHashTables data took   3.70ms
[2020.11.11-21.53.55:356][546]LogAudioMixer: Display: Audio Mixer Platform Settings:
[2020.11.11-21.53.55:356][546]LogAudioMixer: Display: 	Sample Rate:						  48000
[2020.11.11-21.53.55:356][546]LogAudioMixer: Display: 	Callback Buffer Frame Size Requested: 1024
[2020.11.11-21.53.55:356][546]LogAudioMixer: Display: 	Callback Buffer Frame Size To Use:	  1024
[2020.11.11-21.53.55:356][546]LogAudioMixer: Display: 	Number of buffers to queue:			  2
[2020.11.11-21.53.55:356][546]LogAudioMixer: Display: 	Max Channels (voices):				  32
[2020.11.11-21.53.55:356][546]LogAudioMixer: Display: 	Number of Async Source Workers:		  0
[2020.11.11-21.53.55:356][546]LogAudio: Display: AudioDevice MaxSources: 32
[2020.11.11-21.53.55:357][546]LogAudio: Display: Using built-in audio occlusion.
[2020.11.11-21.53.55:357][546]LogAudioMixer: Display: Initializing audio mixer.
[2020.11.11-21.53.55:361][546]LogAudioMixer: Display: 0: FrontLeft
[2020.11.11-21.53.55:361][546]LogAudioMixer: Display: 1: FrontRight
[2020.11.11-21.53.55:395][546]LogAudioMixer: Display: Using Audio Device Speakers / Headphones (Realtek Audio)
[2020.11.11-21.53.55:395][546]LogAudioMixer: Display: Initializing Sound Submixes...
[2020.11.11-21.53.55:395][546]LogAudioMixer: Display: Creating Master Submix 'MasterSubmixDefault'
[2020.11.11-21.53.55:395][546]LogAudioMixer: Display: Creating Master Submix 'MasterReverbSubmixDefault'
[2020.11.11-21.53.55:396][546]LogAudioMixer: Display: Creating Master Submix 'MasterEQSubmixDefault'
[2020.11.11-21.53.55:409][546]LogInit: FAudioDevice initialized.
[2020.11.11-21.53.55:414][546]LogLoad: Game class is 'GameModeBase'
[2020.11.11-21.53.55:415][546]LogWorld: Bringing World /Game/Maps/UEDPIE_0_Main.Main up for play (max tick rate 0) at 2020.11.11-14.53.55
[2020.11.11-21.53.55:416][546]LogWorld: Bringing up level for play took: 0.000942
[2020.11.11-21.53.55:416][546]LogOnline: OSS: Creating online subsystem instance for: :Context_10
[2020.11.11-21.53.55:418][546]PIE: Server logged in
[2020.11.11-21.53.55:419][546]PIE: Play in editor total start time 0.142 seconds.
[2020.11.11-21.54.01:258][238]LogSlate: Updating window title bar state: overlay mode, drag disabled, window buttons hidden, title bar hidden
[2020.11.11-21.54.01:258][238]LogWorld: BeginTearingDown for /Game/Maps/UEDPIE_0_Main
[2020.11.11-21.54.01:258][238]LogWorld: UWorld::CleanupWorld for Main, bSessionEnded=true, bCleanupResources=true
[2020.11.11-21.54.01:258][238]LogSlate: InvalidateAllWidgets triggered.  All widgets were invalidated
[2020.11.11-21.54.01:266][238]LogPlayLevel: Display: Shutting down PIE online subsystems
[2020.11.11-21.54.01:270][238]LogSlate: InvalidateAllWidgets triggered.  All widgets were invalidated
[2020.11.11-21.54.01:296][238]LogSlate: Updating window title bar state: overlay mode, drag disabled, window buttons hidden, title bar hidden
[2020.11.11-21.54.01:332][238]LogAISub: UAISubsystem::~UAISubsystem EnvQueryManager (000001DD5F12FE00), frame # 10238
[2020.11.11-21.54.01:332][238]LogAISub: UAISubsystem::~UAISubsystem AIPerceptionSystem (000001DD5F1ADF80), frame # 10238
[2020.11.11-21.54.01:344][238]LogUObjectHash: Compacting FUObjectHashTables data took   2.74ms
[2020.11.11-21.54.01:385][239]LogPlayLevel: Display: Destroying online subsystem :Context_10
[2020.11.11-21.57.02:805][ 30]Candidate modules for hot reload:
[2020.11.11-21.57.02:805][ 30]  ToonTanks
[2020.11.11-21.57.02:805][ 30]Launching UnrealBuildTool... [D:/Unreal 4.25/UE_4.25/Engine/Binaries/DotNET/UnrealBuildTool.exe  -ModuleWithSuffix=ToonTanks,4850 ToonTanksEditor Win64 Development -Project="C:/Users/JONSHERW/Documents/ToonTank/ToonTanks/ToonTanks.uproject" "C:/Users/JONSHERW/Documents/ToonTank/ToonTanks/ToonTanks.uproject"  -IgnoreJunk]
[2020.11.11-21.57.02:977][ 30]Warning: Starting HotReload took  0.2s.
[2020.11.11-21.57.06:450][134]CompilerResultsLog: New page: Compilation - Nov 11, 2020, 7:57:06 AM
[2020.11.11-21.57.06:450][134]CompilerResultsLog: Using 'git status' to determine working set for adaptive non-unity build (C:\Users\JONSHERW\Documents\ToonTank).
[2020.11.11-21.57.06:450][134]CompilerResultsLog: Building ToonTanksEditor...
[2020.11.11-21.57.06:450][134]CompilerResultsLog: Using Visual Studio 2019 14.22.27905 toolchain (C:\Program Files (x86)\Microsoft Visual Studio\2019\Enterprise\VC\Tools\MSVC\14.22.27905) and Windows 10.0.18362.0 SDK (C:\Program Files (x86)\Windows Kits\10).
[2020.11.11-21.57.06:450][134]CompilerResultsLog: Building 4 actions with 8 processes...
[2020.11.11-21.57.06:450][134]CompilerResultsLog:   [1/4] ProjectileBase.cpp
[2020.11.11-21.57.06:451][134]CompilerResultsLog:   [2/4] UE4Editor-ToonTanks-4850.lib
[2020.11.11-21.57.06:451][134]CompilerResultsLog:      Creating library C:\Users\JONSHERW\Documents\ToonTank\ToonTanks\Intermediate\Build\Win64\UE4Editor\Development\ToonTanks\UE4Editor-ToonTanks-4850.lib and object C:\Users\JONSHERW\Documents\ToonTank\ToonTanks\Intermediate\Build\Win64\UE4Editor\Development\ToonTanks\UE4Editor-ToonTanks-4850.exp
[2020.11.11-21.57.06:451][134]CompilerResultsLog:   [3/4] UE4Editor-ToonTanks-4850.dll
[2020.11.11-21.57.06:451][134]CompilerResultsLog:      Creating library C:\Users\JONSHERW\Documents\ToonTank\ToonTanks\Intermediate\Build\Win64\UE4Editor\Development\ToonTanks\UE4Editor-ToonTanks-4850.suppressed.lib and object C:\Users\JONSHERW\Documents\ToonTank\ToonTanks\Intermediate\Build\Win64\UE4Editor\Development\ToonTanks\UE4Editor-ToonTanks-4850.suppressed.exp
[2020.11.11-21.57.06:451][134]CompilerResultsLog:   [4/4] ToonTanksEditor.target
[2020.11.11-21.57.06:451][134]CompilerResultsLog: Total time in Parallel executor: 2.33 seconds
[2020.11.11-21.57.06:451][134]CompilerResultsLog: Total execution time: 3.22 seconds
[2020.11.11-21.57.06:451][134]LogMainFrame: MainFrame: Module compiling took 3.652 seconds
[2020.11.11-21.57.06:498][134]LogHotReload: Re-instancing ProjectileBase after hot-reload.
[2020.11.11-21.57.06:544][134]LogContentBrowser: Native class hierarchy updated for 'ToonTanks' in 0.0005 seconds. Added 4 classes and 4 folders.
[2020.11.11-21.57.06:550][134]Display: HotReload successful (1 functions remapped  0 scriptstructs remapped)
[2020.11.11-21.57.06:670][134]LogContentBrowser: Native class hierarchy populated in 0.0124 seconds. Added 3431 classes and 825 folders.
[2020.11.11-21.57.06:670][134]Display: HotReload took  3.9s.
[2020.11.11-21.57.09:218][221]LogTemp: Repeating last play command: Selected Viewport
[2020.11.11-21.57.09:239][221]LogPlayLevel: PlayLevel: No blueprints needed recompiling
[2020.11.11-21.57.09:239][221]PIE: New page: PIE session: Main (Nov 11, 2020, 7:57:09 AM)
[2020.11.11-21.57.09:277][221]LogPlayLevel: Creating play world package: /Game/Maps/UEDPIE_0_Main
[2020.11.11-21.57.09:280][221]LogPlayLevel: PIE: StaticDuplicateObject took: (0.003377s)
[2020.11.11-21.57.09:281][221]LogAIModule: Creating AISystem for world Main
[2020.11.11-21.57.09:281][221]LogAISub: UAISubsystem::UAISubsystem EnvQueryManager (000001DD5202CE00), frame # 11221
[2020.11.11-21.57.09:281][221]LogAISub: UAISubsystem::UAISubsystem AIPerceptionSystem (000001DD51EC4900), frame # 11221
[2020.11.11-21.57.09:281][221]LogPlayLevel: PIE: World Init took: (0.001216s)
[2020.11.11-21.57.09:281][221]LogPlayLevel: PIE: Created PIE world by copying editor world from /Game/Maps/Main.Main to /Game/Maps/UEDPIE_0_Main.Main (0.004778s)
[2020.11.11-21.57.09:373][221]LogUObjectHash: Compacting FUObjectHashTables data took   4.18ms
[2020.11.11-21.57.09:374][221]LogAudioMixer: Display: Audio Mixer Platform Settings:
[2020.11.11-21.57.09:374][221]LogAudioMixer: Display: 	Sample Rate:						  48000
[2020.11.11-21.57.09:374][221]LogAudioMixer: Display: 	Callback Buffer Frame Size Requested: 1024
[2020.11.11-21.57.09:374][221]LogAudioMixer: Display: 	Callback Buffer Frame Size To Use:	  1024
[2020.11.11-21.57.09:374][221]LogAudioMixer: Display: 	Number of buffers to queue:			  2
[2020.11.11-21.57.09:374][221]LogAudioMixer: Display: 	Max Channels (voices):				  32
[2020.11.11-21.57.09:374][221]LogAudioMixer: Display: 	Number of Async Source Workers:		  0
[2020.11.11-21.57.09:374][221]LogAudio: Display: AudioDevice MaxSources: 32
[2020.11.11-21.57.09:374][221]LogAudio: Display: Using built-in audio occlusion.
[2020.11.11-21.57.09:374][221]LogAudioMixer: Display: Initializing audio mixer.
[2020.11.11-21.57.09:380][221]LogAudioMixer: Display: 0: FrontLeft
[2020.11.11-21.57.09:380][221]LogAudioMixer: Display: 1: FrontRight
[2020.11.11-21.57.09:416][221]LogAudioMixer: Display: Using Audio Device Speakers / Headphones (Realtek Audio)
[2020.11.11-21.57.09:417][221]LogAudioMixer: Display: Initializing Sound Submixes...
[2020.11.11-21.57.09:417][221]LogAudioMixer: Display: Creating Master Submix 'MasterSubmixDefault'
[2020.11.11-21.57.09:417][221]LogAudioMixer: Display: Creating Master Submix 'MasterReverbSubmixDefault'
[2020.11.11-21.57.09:418][221]LogAudioMixer: Display: Creating Master Submix 'MasterEQSubmixDefault'
[2020.11.11-21.57.09:418][221]LogInit: FAudioDevice initialized.
[2020.11.11-21.57.09:435][221]LogLoad: Game class is 'GameModeBase'
[2020.11.11-21.57.09:437][221]LogWorld: Bringing World /Game/Maps/UEDPIE_0_Main.Main up for play (max tick rate 0) at 2020.11.11-14.57.09
[2020.11.11-21.57.09:437][221]LogWorld: Bringing up level for play took: 0.001172
[2020.11.11-21.57.09:437][221]LogOnline: OSS: Creating online subsystem instance for: :Context_11
[2020.11.11-21.57.09:439][221]PIE: Server logged in
[2020.11.11-21.57.09:440][221]PIE: Play in editor total start time 0.206 seconds.
[2020.11.11-21.57.40:229][902]LogSlate: Updating window title bar state: overlay mode, drag disabled, window buttons hidden, title bar hidden
[2020.11.11-21.57.40:229][902]LogWorld: BeginTearingDown for /Game/Maps/UEDPIE_0_Main
[2020.11.11-21.57.40:229][902]LogWorld: UWorld::CleanupWorld for Main, bSessionEnded=true, bCleanupResources=true
[2020.11.11-21.57.40:229][902]LogSlate: InvalidateAllWidgets triggered.  All widgets were invalidated
[2020.11.11-21.57.40:235][902]LogPlayLevel: Display: Shutting down PIE online subsystems
[2020.11.11-21.57.40:240][902]LogSlate: InvalidateAllWidgets triggered.  All widgets were invalidated
[2020.11.11-21.57.40:260][902]LogSlate: Updating window title bar state: overlay mode, drag disabled, window buttons hidden, title bar hidden
[2020.11.11-21.57.40:283][902]LogAISub: UAISubsystem::~UAISubsystem AIPerceptionSystem (000001DD51EC4900), frame # 14902
[2020.11.11-21.57.40:283][902]LogAISub: UAISubsystem::~UAISubsystem EnvQueryManager (000001DD5202CE00), frame # 14902
[2020.11.11-21.57.40:287][902]LogUObjectHash: Compacting FUObjectHashTables data took   3.27ms
[2020.11.11-21.57.40:339][903]LogPlayLevel: Display: Destroying online subsystem :Context_11
[2020.11.11-21.57.53:621][270]Cmd: OBJ SAVEPACKAGE PACKAGE="/Game/Maps/Main" FILE="C:/Users/JONSHERW/Documents/ToonTank/ToonTanks/Content/Maps/Main.umap" SILENT=true AUTOSAVING=false KEEPDIRTY=false
[2020.11.11-21.57.53:657][270]LogUObjectHash: Compacting FUObjectHashTables data took   7.47ms
[2020.11.11-21.57.53:693][270]LogSavePackage: Moving 'C:/Users/JONSHERW/Documents/ToonTank/ToonTanks/Saved/Main38F34A454B3569EBE61D1CB3804B0766.tmp' to 'C:/Users/JONSHERW/Documents/ToonTank/ToonTanks/Content/Maps/Main.umap'
[2020.11.11-21.57.53:737][270]Cmd: OBJ SAVEPACKAGE PACKAGE="/Game/Maps/Main_BuiltData" FILE="C:/Users/JONSHERW/Documents/ToonTank/ToonTanks/Content/Maps/Main_BuiltData.uasset" SILENT=true
[2020.11.11-21.57.53:786][270]LogSavePackage: Moving 'C:/Users/JONSHERW/Documents/ToonTank/ToonTanks/Saved/Main_BuiltDataC577D41D4F9081F66B144DB31A935AB4.tmp' to 'C:/Users/JONSHERW/Documents/ToonTank/ToonTanks/Content/Maps/Main_BuiltData.uasset'
[2020.11.11-21.57.53:819][270]AssetCheck: New page: Asset Save: multiple assets
[2020.11.11-21.57.53:819][270]LogContentValidation: Display: Validating World /Game/Maps/Main.Main
[2020.11.11-21.57.53:819][270]LogContentValidation: Display: Validating MapBuildDataRegistry /Game/Maps/Main_BuiltData.Main_BuiltData
